  Using 'git status' to determine working set for adaptive non-unity build (C:\UnrealEngine).
  Using 'git status' to determine working set for adaptive non-unity build (C:\GITHUB\FinalDemo).
  Invalidating makefile for MyDemoEditor (AdvancedSessions.uplugin has been added)
  Parsing headers for MyDemoEditor
    Running UnrealHeaderTool "C:\GITHUB\FinalDemo\MyDemo\MyDemo.uproject" "C:\GITHUB\FinalDemo\MyDemo\Intermediate\Build\Win64\MyDemoEditor\Development\MyDemoEditor.uhtmanifest" -LogCmds="loginit warning, logexit warning, logdatabase error" -Unattended -WarningsAsErrors -abslog="C:\UnrealEngine\Engine\Programs\UnrealBuildTool\Log_UHT.txt"
  LogInit: Display: Loading text-based GConfig....
  Reflection code generated for MyDemoEditor in 4.6003904 seconds
  Building MyDemoEditor and ShaderCompileWorker...
  Using Visual Studio 2019 14.29.30146 toolchain (C:\Program Files (x86)\Microsoft Visual Studio\2019\Community\VC\Tools\MSVC\14.29.30133) and Windows 10.0.19041.0 SDK (C:\Program Files (x86)\Windows Kits\10).
  Building 7 actions with 20 processes...
    [1/7] Module.AdvancedSessions.gen.3_of_3.cpp
    [2/7] Module.AdvancedSessions.gen.1_of_3.cpp
    [3/7] Module.AdvancedSessions.gen.2_of_3.cpp
    [4/7] Module.AdvancedSessions.cpp
    [5/7] UE4Editor-AdvancedSessions.lib
      正在创建库 C:\GITHUB\FinalDemo\MyDemo\Plugins\AdvancedSessions\Intermediate\Build\Win64\UE4Editor\Development\AdvancedSessions\UE4Editor-AdvancedSessions.lib 和对象 C:\GITHUB\FinalDemo\MyDemo\Plugins\AdvancedSessions\Intermediate\Build\Win64\UE4Editor\Development\AdvancedSessions\UE4Editor-AdvancedSessions.exp
    [6/7] UE4Editor-AdvancedSessions.dll
      正在创建库 C:\GITHUB\FinalDemo\MyDemo\Plugins\AdvancedSessions\Intermediate\Build\Win64\UE4Editor\Development\AdvancedSessions\UE4Editor-AdvancedSessions.suppressed.lib 和对象 C:\GITHUB\FinalDemo\MyDemo\Plugins\AdvancedSessions\Intermediate\Build\Win64\UE4Editor\Development\AdvancedSessions\UE4Editor-AdvancedSessions.suppressed.exp
    [7/7] MyDemoEditor.target
  Total time in Parallel executor: 10.60 seconds
  Total execution time: 18.80 seconds
