Log file open, 09/12/22 06:25:42
LogWindows: Failed to load 'aqProf.dll' (GetLastError=126)
LogWindows: File 'aqProf.dll' does not exist
LogWindows: Failed to load 'VtuneApi.dll' (GetLastError=126)
LogWindows: File 'VtuneApi.dll' does not exist
LogWindows: Failed to load 'VtuneApi32e.dll' (GetLastError=126)
LogWindows: File 'VtuneApi32e.dll' does not exist
LogConsoleResponse: Display: Failed to find resolution value strings in scalability ini. Falling back to default.
LogConsoleResponse: Display: Failed to find resolution value strings in scalability ini. Falling back to default.
LogInit: Display: Running engine for game: MyDemo
LogPlatformFile: Not using cached read wrapper
LogTaskGraph: Started task graph with 5 named threads and 59 total threads with 3 sets of task threads.
LogStats: Stats thread started at 0.092334
LogICUInternationalization: ICU TimeZone Detection - Raw Offset: -8:00, Platform Override: ''
LogInit: Display: Loading text-based GConfig....
LogPluginManager: Mounting plugin MeshPainting
LogPluginManager: Mounting plugin XGEController
LogPluginManager: Mounting plugin Paper2D
LogPluginManager: Mounting plugin AISupport
LogPluginManager: Mounting plugin EnvironmentQueryEditor
LogPluginManager: Mounting plugin LiveLink
LogPluginManager: Mounting plugin CameraShakePreviewer
LogPluginManager: Mounting plugin GameplayCameras
LogPluginManager: Mounting plugin OodleData
LogPluginManager: Mounting plugin AnimationSharing
LogPluginManager: Mounting plugin OodleNetwork
LogPluginManager: Mounting plugin CLionSourceCodeAccess
LogPluginManager: Mounting plugin CodeLiteSourceCodeAccess
LogPluginManager: Mounting plugin GitSourceControl
LogPluginManager: Mounting plugin KDevelopSourceCodeAccess
LogPluginManager: Mounting plugin NullSourceCodeAccess
LogPluginManager: Mounting plugin PixWinPlugin
LogPluginManager: Mounting plugin PlasticSourceControl
LogPluginManager: Mounting plugin PluginUtils
LogPluginManager: Mounting plugin PropertyAccessNode
LogPluginManager: Mounting plugin RiderSourceCodeAccess
LogPluginManager: Mounting plugin TextureFormatOodle
LogPluginManager: Mounting plugin SubversionSourceControl
LogPluginManager: Mounting plugin UObjectPlugin
LogPluginManager: Mounting plugin VisualStudioCodeSourceCodeAccess
LogPluginManager: Mounting plugin PerforceSourceControl
LogPluginManager: Mounting plugin VisualStudioSourceCodeAccess
LogPluginManager: Mounting plugin XCodeSourceCodeAccess
LogPluginManager: Mounting plugin AssetManagerEditor
LogPluginManager: Mounting plugin CryptoKeys
LogPluginManager: Mounting plugin DataValidation
LogPluginManager: Mounting plugin CurveEditorTools
LogPluginManager: Mounting plugin GameplayTagsEditor
LogPluginManager: Mounting plugin FacialAnimation
LogPluginManager: Mounting plugin MaterialAnalyzer
LogPluginManager: Mounting plugin GeometryMode
LogPluginManager: Mounting plugin MobileLauncherProfileWizard
LogPluginManager: Mounting plugin PluginBrowser
LogPluginManager: Mounting plugin SpeedTreeImporter
LogPluginManager: Mounting plugin MacGraphicsSwitching
LogPluginManager: Mounting plugin Niagara
LogPluginManager: Mounting plugin AlembicImporter
LogPluginManager: Mounting plugin AutomationUtils
LogPluginManager: Mounting plugin BackChannel
LogPluginManager: Mounting plugin ChaosCloth
LogPluginManager: Mounting plugin ChaosEditor
LogPluginManager: Mounting plugin ChaosSolverPlugin
LogPluginManager: Mounting plugin ChaosNiagara
LogPluginManager: Mounting plugin ChaosClothEditor
LogPluginManager: Mounting plugin GeometryCache
LogPluginManager: Mounting plugin GeometryCollectionPlugin
LogPluginManager: Mounting plugin DatasmithContent
LogPluginManager: Mounting plugin GeometryProcessing
LogPluginManager: Mounting plugin OpenImageDenoise
LogPluginManager: Mounting plugin MotoSynth
LogPluginManager: Mounting plugin ProxyLODPlugin
LogPluginManager: Mounting plugin CharacterAI
LogPluginManager: Mounting plugin PlatformCrypto
LogPluginManager: Mounting plugin PlanarCut
LogPluginManager: Mounting plugin PythonScriptPlugin
LogPluginManager: Mounting plugin VariantManagerContent
LogPluginManager: Mounting plugin LuminPlatformFeatures
LogPluginManager: Mounting plugin SkeletalReduction
LogPluginManager: Mounting plugin MagicLeap
LogPluginManager: Mounting plugin MagicLeapMedia
LogPluginManager: Mounting plugin MagicLeapLightEstimation
LogPluginManager: Mounting plugin MagicLeapPassableWorld
LogPluginManager: Mounting plugin AndroidMedia
LogPluginManager: Mounting plugin MLSDK
LogPluginManager: Mounting plugin MediaCompositing
LogPluginManager: Mounting plugin ImgMedia
LogPluginManager: Mounting plugin MediaPlayerEditor
LogPluginManager: Mounting plugin WebMMedia
LogPluginManager: Mounting plugin AvfMedia
LogPluginManager: Mounting plugin UdpMessaging
LogPluginManager: Mounting plugin TcpMessaging
LogPluginManager: Mounting plugin ActorSequence
LogPluginManager: Mounting plugin WmfMedia
LogPluginManager: Mounting plugin MatineeToLevelSequence
LogPluginManager: Mounting plugin LevelSequenceEditor
LogPluginManager: Mounting plugin TemplateSequence
LogPluginManager: Mounting plugin OnlineSubsystem
LogPluginManager: Mounting plugin OnlineSubsystemNull
LogPluginManager: Mounting plugin LauncherChunkInstaller
LogPluginManager: Mounting plugin OnlineSubsystemUtils
LogPluginManager: Mounting plugin AndroidDeviceProfileSelector
LogPluginManager: Mounting plugin ActorLayerUtilities
LogPluginManager: Mounting plugin AndroidMoviePlayer
LogPluginManager: Mounting plugin AndroidPermission
LogPluginManager: Mounting plugin AppleImageUtils
LogPluginManager: Mounting plugin AppleMoviePlayer
LogPluginManager: Mounting plugin ArchVisCharacter
LogPluginManager: Mounting plugin AssetTags
LogPluginManager: Mounting plugin AudioCapture
LogPluginManager: Mounting plugin CustomMeshComponent
LogPluginManager: Mounting plugin ChunkDownloader
LogPluginManager: Mounting plugin CableComponent
LogPluginManager: Mounting plugin AudioSynesthesia
LogPluginManager: Mounting plugin ExampleDeviceProfileSelector
LogPluginManager: Mounting plugin EditableMesh
LogPluginManager: Mounting plugin GooglePAD
LogPluginManager: Mounting plugin LinuxDeviceProfileSelector
LogPluginManager: Mounting plugin IOSDeviceProfileSelector
LogPluginManager: Mounting plugin MobilePatchingUtils
LogPluginManager: Mounting plugin LocationServicesBPLibrary
LogPluginManager: Mounting plugin ScreenshotTools
LogPluginManager: Mounting plugin OpenXR
LogPluginManager: Mounting plugin OpenXRHandTracking
LogPluginManager: Mounting plugin PhysXVehicles
LogPluginManager: Mounting plugin GoogleCloudMessaging
LogPluginManager: Mounting plugin PostSplashScreen
LogPluginManager: Mounting plugin ProceduralMeshComponent
LogPluginManager: Mounting plugin PropertyAccessEditor
LogPluginManager: Mounting plugin SignificanceManager
LogPluginManager: Mounting plugin SoundFields
LogPluginManager: Mounting plugin RuntimePhysXCooking
LogPluginManager: Mounting plugin OpenXREyeTracker
LogPluginManager: Mounting plugin Synthesis
LogPluginManager: Mounting plugin WebMMoviePlayer
LogPluginManager: Mounting plugin WindowsMoviePlayer
LogPluginManager: Mounting plugin Takes
LogPluginManager: Mounting plugin LightPropagationVolume
LogPluginManager: Mounting plugin ContentBrowserAssetDataSource
LogPluginManager: Mounting plugin ContentBrowserFileDataSource
LogPluginManager: Mounting plugin ContentBrowserClassDataSource
LogPluginManager: Mounting plugin OnlineSubsystemGooglePlay
LogPluginManager: Mounting plugin OnlineSubsystemIOS
LogPluginManager: Mounting plugin OculusVR
LogPluginManager: Mounting plugin SteamVR
PixWinPlugin: PIX capture plugin failed to initialize! Check that the process is launched from PIX.
LogLuminAPIImpl: Warning: MLSDK not found.  This likely means the MLSDK environment variable is not set.
LogInit: Using libcurl 7.55.1-DEV
LogInit:  - built for x86_64-pc-win32
LogInit:  - supports SSL with OpenSSL/1.1.1
LogInit:  - supports HTTP deflate (compression) using libz 1.2.8
LogInit:  - other features:
LogInit:      CURL_VERSION_SSL
LogInit:      CURL_VERSION_LIBZ
LogInit:      CURL_VERSION_IPV6
LogInit:      CURL_VERSION_ASYNCHDNS
LogInit:      CURL_VERSION_LARGEFILE
LogInit:      CURL_VERSION_IDN
LogInit:  CurlRequestOptions (configurable via config and command line):
LogInit:  - bVerifyPeer = true  - Libcurl will verify peer certificate
LogInit:  - bUseHttpProxy = false  - Libcurl will NOT use HTTP proxy
LogInit:  - bDontReuseConnections = false  - Libcurl will reuse connections
LogInit:  - MaxHostConnections = 16  - Libcurl will limit the number of connections to a host
LogInit:  - LocalHostAddr = Default
LogInit:  - BufferSize = 65536
LogOnline: OSS: Creating online subsystem instance for: NULL
LogInit: WinSock: version 1.1 (2.2), MaxSocks=32767, MaxUdp=65467
LogOnline: OSS: TryLoadSubsystemAndSetDefault: Loaded subsystem for module [NULL]
LogOculusPluginWrapper: OculusPlugin initialized successfully
LogHMD: Failed initializing OVRPlugin 1.59.0
LogInit: Build: ++UE4+Release-4.27-CL-0
LogInit: Engine Version: 4.27.2-0+++UE4+Release-4.27
LogInit: Compatible Engine Version: 4.27.0-0+++UE4+Release-4.27
LogInit: Net CL: 0
LogInit: OS: Windows 10 (Release 2009) (), CPU: 12th Gen Intel(R) Core(TM) i9-12900H, GPU: NVIDIA GeForce RTX 3070 Ti Laptop GPU
LogInit: Compiled (64-bit): Jul 17 2022 06:12:58
LogInit: Compiled with Visual C++: 19.29.30146.00
LogInit: Build Configuration: Development
LogInit: Branch Name: ++UE4+Release-4.27
LogInit: Command Line: 
LogInit: Base Directory: C:/UnrealEngine/Engine/Binaries/Win64/
LogInit: Allocator: TBB
LogInit: Installed Engine Build: 0
LogDevObjectVersion: Number of dev versions registered: 29
LogDevObjectVersion:   Dev-Blueprints (B0D832E4-1F89-4F0D-ACCF-7EB736FD4AA2): 10
LogDevObjectVersion:   Dev-Build (E1C64328-A22C-4D53-A36C-8E866417BD8C): 0
LogDevObjectVersion:   Dev-Core (375EC13C-06E4-48FB-B500-84F0262A717E): 4
LogDevObjectVersion:   Dev-Editor (E4B068ED-F494-42E9-A231-DA0B2E46BB41): 40
LogDevObjectVersion:   Dev-Framework (CFFC743F-43B0-4480-9391-14DF171D2073): 37
LogDevObjectVersion:   Dev-Mobile (B02B49B5-BB20-44E9-A304-32B752E40360): 3
LogDevObjectVersion:   Dev-Networking (A4E4105C-59A1-49B5-A7C5-40C4547EDFEE): 0
LogDevObjectVersion:   Dev-Online (39C831C9-5AE6-47DC-9A44-9C173E1C8E7C): 0
LogDevObjectVersion:   Dev-Physics (78F01B33-EBEA-4F98-B9B4-84EACCB95AA2): 14
LogDevObjectVersion:   Dev-Platform (6631380F-2D4D-43E0-8009-CF276956A95A): 0
LogDevObjectVersion:   Dev-Rendering (12F88B9F-8875-4AFC-A67C-D90C383ABD29): 45
LogDevObjectVersion:   Dev-Sequencer (7B5AE74C-D270-4C10-A958-57980B212A5A): 13
LogDevObjectVersion:   Dev-VR (D7296918-1DD6-4BDD-9DE2-64A83CC13884): 3
LogDevObjectVersion:   Dev-LoadTimes (C2A15278-BFE7-4AFE-6C17-90FF531DF755): 1
LogDevObjectVersion:   Private-Geometry (6EACA3D4-40EC-4CC1-B786-8BED09428FC5): 3
LogDevObjectVersion:   Dev-AnimPhys (29E575DD-E0A3-4627-9D10-D276232CDCEA): 17
LogDevObjectVersion:   Dev-Anim (AF43A65D-7FD3-4947-9873-3E8ED9C1BB05): 15
LogDevObjectVersion:   Dev-ReflectionCapture (6B266CEC-1EC7-4B8F-A30B-E4D90942FC07): 1
LogDevObjectVersion:   Dev-Automation (0DF73D61-A23F-47EA-B727-89E90C41499A): 1
LogDevObjectVersion:   FortniteMain (601D1886-AC64-4F84-AA16-D3DE0DEAC7D6): 47
LogDevObjectVersion:   FortniteRelease (E7086368-6B23-4C58-8439-1B7016265E91): 1
LogDevObjectVersion:   Dev-Enterprise (9DFFBCD6-494F-0158-E221-12823C92A888): 10
LogDevObjectVersion:   Dev-Niagara (F2AED0AC-9AFE-416F-8664-AA7FFA26D6FC): 1
LogDevObjectVersion:   Dev-Destruction (174F1F0B-B4C6-45A5-B13F-2EE8D0FB917D): 10
LogDevObjectVersion:   Dev-Physics-Ext (35F94A83-E258-406C-A318-09F59610247C): 41
LogDevObjectVersion:   Dev-PhysicsMaterial-Chaos (B68FC16E-8B1B-42E2-B453-215C058844FE): 1
LogDevObjectVersion:   Dev-CineCamera (B2E18506-4273-CFC2-A54E-F4BB758BBA07): 1
LogDevObjectVersion:   Dev-VirtualProduction (64F58936-FD1B-42BA-BA96-7289D5D0FA4E): 1
LogDevObjectVersion:   Dev-MediaFramework (6F0ED827-A609-4895-9C91-998D90180EA4): 2
LogInit: Presizing for max 25165824 objects, including 0 objects not considered by GC, pre-allocating 0 bytes for permanent pool.
LogConfig: Applying CVar settings from Section [/Script/Engine.StreamingSettings] File [C:/GITHUB/FinalDemo/MyDemo/Saved/Config/Windows/Engine.ini]
LogConfig: Setting CVar [[s.MinBulkDataSizeForAsyncLoading:131072]]
LogConfig: Setting CVar [[s.AsyncLoadingThreadEnabled:0]]
LogConfig: Setting CVar [[s.EventDrivenLoaderEnabled:1]]
LogConfig: Setting CVar [[s.WarnIfTimeLimitExceeded:0]]
LogConfig: Setting CVar [[s.TimeLimitExceededMultiplier:1.5]]
LogConfig: Setting CVar [[s.TimeLimitExceededMinTime:0.005]]
LogConfig: Setting CVar [[s.UseBackgroundLevelStreaming:1]]
LogConfig: Setting CVar [[s.PriorityAsyncLoadingExtraTime:15.0]]
LogConfig: Setting CVar [[s.LevelStreamingActorsUpdateTimeLimit:5.0]]
LogConfig: Setting CVar [[s.PriorityLevelStreamingActorsUpdateExtraTime:5.0]]
LogConfig: Setting CVar [[s.LevelStreamingComponentsRegistrationGranularity:10]]
LogConfig: Setting CVar [[s.UnregisterComponentsTimeLimit:1.0]]
LogConfig: Setting CVar [[s.LevelStreamingComponentsUnregistrationGranularity:5]]
LogConfig: Setting CVar [[s.FlushStreamingOnExit:1]]
LogInit: Object subsystem initialized
LogConfig: Setting CVar [[con.DebugEarlyDefault:1]]
LogConfig: Setting CVar [[r.setres:1280x720]]
[2022.09.12-13.25.42:709][  0]LogConfig: Setting CVar [[r.VSync:0]]
[2022.09.12-13.25.42:709][  0]LogConfig: Setting CVar [[r.RHICmdBypass:0]]
[2022.09.12-13.25.42:709][  0]LogConfig: Applying CVar settings from Section [/Script/Engine.RendererSettings] File [C:/GITHUB/FinalDemo/MyDemo/Saved/Config/Windows/Engine.ini]
[2022.09.12-13.25.42:709][  0]LogConfig: Setting CVar [[r.GPUCrashDebugging:0]]
[2022.09.12-13.25.42:709][  0]LogConfig: Applying CVar settings from Section [/Script/Engine.RendererOverrideSettings] File [C:/GITHUB/FinalDemo/MyDemo/Saved/Config/Windows/Engine.ini]
[2022.09.12-13.25.42:709][  0]LogConfig: Applying CVar settings from Section [/Script/Engine.StreamingSettings] File [C:/GITHUB/FinalDemo/MyDemo/Saved/Config/Windows/Engine.ini]
[2022.09.12-13.25.42:709][  0]LogConfig: Setting CVar [[s.MinBulkDataSizeForAsyncLoading:131072]]
[2022.09.12-13.25.42:709][  0]LogConfig: Setting CVar [[s.AsyncLoadingThreadEnabled:0]]
[2022.09.12-13.25.42:709][  0]LogConfig: Setting CVar [[s.EventDrivenLoaderEnabled:1]]
[2022.09.12-13.25.42:709][  0]LogConfig: Setting CVar [[s.WarnIfTimeLimitExceeded:0]]
[2022.09.12-13.25.42:709][  0]LogConfig: Setting CVar [[s.TimeLimitExceededMultiplier:1.5]]
[2022.09.12-13.25.42:709][  0]LogConfig: Setting CVar [[s.TimeLimitExceededMinTime:0.005]]
[2022.09.12-13.25.42:709][  0]LogConfig: Setting CVar [[s.UseBackgroundLevelStreaming:1]]
[2022.09.12-13.25.42:709][  0]LogConfig: Setting CVar [[s.PriorityAsyncLoadingExtraTime:15.0]]
[2022.09.12-13.25.42:709][  0]LogConfig: Setting CVar [[s.LevelStreamingActorsUpdateTimeLimit:5.0]]
[2022.09.12-13.25.42:709][  0]LogConfig: Setting CVar [[s.PriorityLevelStreamingActorsUpdateExtraTime:5.0]]
[2022.09.12-13.25.42:709][  0]LogConfig: Setting CVar [[s.LevelStreamingComponentsRegistrationGranularity:10]]
[2022.09.12-13.25.42:709][  0]LogConfig: Setting CVar [[s.UnregisterComponentsTimeLimit:1.0]]
[2022.09.12-13.25.42:709][  0]LogConfig: Setting CVar [[s.LevelStreamingComponentsUnregistrationGranularity:5]]
[2022.09.12-13.25.42:709][  0]LogConfig: Setting CVar [[s.FlushStreamingOnExit:1]]
[2022.09.12-13.25.42:709][  0]LogConfig: Applying CVar settings from Section [/Script/Engine.GarbageCollectionSettings] File [C:/GITHUB/FinalDemo/MyDemo/Saved/Config/Windows/Engine.ini]
[2022.09.12-13.25.42:709][  0]LogConfig: Setting CVar [[gc.MaxObjectsNotConsideredByGC:1]]
[2022.09.12-13.25.42:709][  0]LogConfig: Setting CVar [[gc.SizeOfPermanentObjectPool:0]]
[2022.09.12-13.25.42:709][  0]LogConfig: Setting CVar [[gc.FlushStreamingOnGC:0]]
[2022.09.12-13.25.42:710][  0]LogConfig: Setting CVar [[gc.NumRetriesBeforeForcingGC:10]]
[2022.09.12-13.25.42:710][  0]LogConfig: Setting CVar [[gc.AllowParallelGC:1]]
[2022.09.12-13.25.42:710][  0]LogConfig: Setting CVar [[gc.TimeBetweenPurgingPendingKillObjects:61.1]]
[2022.09.12-13.25.42:710][  0]LogConfig: Setting CVar [[gc.MaxObjectsInEditor:25165824]]
[2022.09.12-13.25.42:710][  0]LogConfig: Setting CVar [[gc.IncrementalBeginDestroyEnabled:1]]
[2022.09.12-13.25.42:710][  0]LogConfig: Setting CVar [[gc.CreateGCClusters:1]]
[2022.09.12-13.25.42:710][  0]LogConfig: Setting CVar [[gc.MinGCClusterSize:5]]
[2022.09.12-13.25.42:710][  0]LogConfig: Setting CVar [[gc.ActorClusteringEnabled:0]]
[2022.09.12-13.25.42:710][  0]LogConfig: Setting CVar [[gc.BlueprintClusteringEnabled:0]]
[2022.09.12-13.25.42:710][  0]LogConfig: Setting CVar [[gc.UseDisregardForGCOnDedicatedServers:0]]
[2022.09.12-13.25.42:710][  0]LogConfig: Setting CVar [[gc.MultithreadedDestructionEnabled:1]]
[2022.09.12-13.25.42:710][  0]LogConfig: Applying CVar settings from Section [/Script/Engine.NetworkSettings] File [C:/GITHUB/FinalDemo/MyDemo/Saved/Config/Windows/Engine.ini]
[2022.09.12-13.25.42:710][  0]LogConfig: Applying CVar settings from Section [/Script/UnrealEd.CookerSettings] File [C:/GITHUB/FinalDemo/MyDemo/Saved/Config/Windows/Engine.ini]
[2022.09.12-13.25.42:715][  0]LogConfig: Applying CVar settings from Section [ViewDistanceQuality@3] File [C:/GITHUB/FinalDemo/MyDemo/Saved/Config/Windows/Scalability.ini]
[2022.09.12-13.25.42:715][  0]LogConfig: Setting CVar [[r.SkeletalMeshLODBias:0]]
[2022.09.12-13.25.42:715][  0]LogConfig: Setting CVar [[r.ViewDistanceScale:1.0]]
[2022.09.12-13.25.42:715][  0]LogConfig: Applying CVar settings from Section [AntiAliasingQuality@3] File [C:/GITHUB/FinalDemo/MyDemo/Saved/Config/Windows/Scalability.ini]
[2022.09.12-13.25.42:715][  0]LogConfig: Setting CVar [[r.PostProcessAAQuality:4]]
[2022.09.12-13.25.42:715][  0]LogConfig: Applying CVar settings from Section [ShadowQuality@3] File [C:/GITHUB/FinalDemo/MyDemo/Saved/Config/Windows/Scalability.ini]
[2022.09.12-13.25.42:715][  0]LogConfig: Setting CVar [[r.LightFunctionQuality:1]]
[2022.09.12-13.25.42:715][  0]LogConfig: Setting CVar [[r.ShadowQuality:5]]
[2022.09.12-13.25.42:715][  0]LogConfig: Setting CVar [[r.Shadow.CSM.MaxCascades:10]]
[2022.09.12-13.25.42:715][  0]LogConfig: Setting CVar [[r.Shadow.MaxResolution:2048]]
[2022.09.12-13.25.42:715][  0]LogConfig: Setting CVar [[r.Shadow.MaxCSMResolution:2048]]
[2022.09.12-13.25.42:715][  0]LogConfig: Setting CVar [[r.Shadow.RadiusThreshold:0.01]]
[2022.09.12-13.25.42:715][  0]LogConfig: Setting CVar [[r.Shadow.DistanceScale:1.0]]
[2022.09.12-13.25.42:715][  0]LogConfig: Setting CVar [[r.Shadow.CSM.TransitionScale:1.0]]
[2022.09.12-13.25.42:715][  0]LogConfig: Setting CVar [[r.Shadow.PreShadowResolutionFactor:1.0]]
[2022.09.12-13.25.42:715][  0]LogConfig: Setting CVar [[r.DistanceFieldShadowing:1]]
[2022.09.12-13.25.42:715][  0]LogConfig: Setting CVar [[r.DistanceFieldAO:1]]
[2022.09.12-13.25.42:715][  0]LogConfig: Setting CVar [[r.AOQuality:2]]
[2022.09.12-13.25.42:715][  0]LogConfig: Setting CVar [[r.VolumetricFog:1]]
[2022.09.12-13.25.42:715][  0]LogConfig: Setting CVar [[r.VolumetricFog.GridPixelSize:8]]
[2022.09.12-13.25.42:715][  0]LogConfig: Setting CVar [[r.VolumetricFog.GridSizeZ:128]]
[2022.09.12-13.25.42:715][  0]LogConfig: Setting CVar [[r.VolumetricFog.HistoryMissSupersampleCount:4]]
[2022.09.12-13.25.42:715][  0]LogConfig: Setting CVar [[r.LightMaxDrawDistanceScale:1]]
[2022.09.12-13.25.42:715][  0]LogConfig: Setting CVar [[r.CapsuleShadows:1]]
[2022.09.12-13.25.42:715][  0]LogConfig: Applying CVar settings from Section [PostProcessQuality@3] File [C:/GITHUB/FinalDemo/MyDemo/Saved/Config/Windows/Scalability.ini]
[2022.09.12-13.25.42:715][  0]LogConfig: Setting CVar [[r.MotionBlurQuality:4]]
[2022.09.12-13.25.42:715][  0]LogConfig: Setting CVar [[r.AmbientOcclusionMipLevelFactor:0.4]]
[2022.09.12-13.25.42:715][  0]LogConfig: Setting CVar [[r.AmbientOcclusionMaxQuality:100]]
[2022.09.12-13.25.42:715][  0]LogConfig: Setting CVar [[r.AmbientOcclusionLevels:-1]]
[2022.09.12-13.25.42:715][  0]LogConfig: Setting CVar [[r.AmbientOcclusionRadiusScale:1.0]]
[2022.09.12-13.25.42:715][  0]LogConfig: Setting CVar [[r.DepthOfFieldQuality:2]]
[2022.09.12-13.25.42:715][  0]LogConfig: Setting CVar [[r.RenderTargetPoolMin:400]]
[2022.09.12-13.25.42:715][  0]LogConfig: Setting CVar [[r.LensFlareQuality:2]]
[2022.09.12-13.25.42:715][  0]LogConfig: Setting CVar [[r.SceneColorFringeQuality:1]]
[2022.09.12-13.25.42:715][  0]LogConfig: Setting CVar [[r.EyeAdaptationQuality:2]]
[2022.09.12-13.25.42:715][  0]LogConfig: Setting CVar [[r.BloomQuality:5]]
[2022.09.12-13.25.42:715][  0]LogConfig: Setting CVar [[r.FastBlurThreshold:100]]
[2022.09.12-13.25.42:715][  0]LogConfig: Setting CVar [[r.Upscale.Quality:3]]
[2022.09.12-13.25.42:715][  0]LogConfig: Setting CVar [[r.Tonemapper.GrainQuantization:1]]
[2022.09.12-13.25.42:715][  0]LogConfig: Setting CVar [[r.LightShaftQuality:1]]
[2022.09.12-13.25.42:715][  0]LogConfig: Setting CVar [[r.Filter.SizeScale:1]]
[2022.09.12-13.25.42:715][  0]LogConfig: Setting CVar [[r.Tonemapper.Quality:5]]
[2022.09.12-13.25.42:715][  0]LogConfig: Setting CVar [[r.DOF.Gather.AccumulatorQuality:1        ; higher gathering accumulator quality]]
[2022.09.12-13.25.42:715][  0]LogConfig: Setting CVar [[r.DOF.Gather.PostfilterMethod:1          ; Median3x3 postfilering method]]
[2022.09.12-13.25.42:715][  0]LogConfig: Setting CVar [[r.DOF.Gather.EnableBokehSettings:0       ; no bokeh simulation when gathering]]
[2022.09.12-13.25.42:715][  0]LogConfig: Setting CVar [[r.DOF.Gather.RingCount:4                 ; medium number of samples when gathering]]
[2022.09.12-13.25.42:715][  0]LogConfig: Setting CVar [[r.DOF.Scatter.ForegroundCompositing:1    ; additive foreground scattering]]
[2022.09.12-13.25.42:715][  0]LogConfig: Setting CVar [[r.DOF.Scatter.BackgroundCompositing:2    ; additive background scattering]]
[2022.09.12-13.25.42:715][  0]LogConfig: Setting CVar [[r.DOF.Scatter.EnableBokehSettings:1      ; bokeh simulation when scattering]]
[2022.09.12-13.25.42:715][  0]LogConfig: Setting CVar [[r.DOF.Scatter.MaxSpriteRatio:0.1         ; only a maximum of 10% of scattered bokeh]]
[2022.09.12-13.25.42:715][  0]LogConfig: Setting CVar [[r.DOF.Recombine.Quality:1                ; cheap slight out of focus]]
[2022.09.12-13.25.42:715][  0]LogConfig: Setting CVar [[r.DOF.Recombine.EnableBokehSettings:0    ; no bokeh simulation on slight out of focus]]
[2022.09.12-13.25.42:715][  0]LogConfig: Setting CVar [[r.DOF.TemporalAAQuality:1                ; more stable temporal accumulation]]
[2022.09.12-13.25.42:715][  0]LogConfig: Setting CVar [[r.DOF.Kernel.MaxForegroundRadius:0.025]]
[2022.09.12-13.25.42:715][  0]LogConfig: Setting CVar [[r.DOF.Kernel.MaxBackgroundRadius:0.025]]
[2022.09.12-13.25.42:715][  0]LogConfig: Applying CVar settings from Section [TextureQuality@3] File [C:/GITHUB/FinalDemo/MyDemo/Saved/Config/Windows/Scalability.ini]
[2022.09.12-13.25.42:715][  0]LogConfig: Setting CVar [[r.Streaming.MipBias:0]]
[2022.09.12-13.25.42:715][  0]LogConfig: Setting CVar [[r.Streaming.AmortizeCPUToGPUCopy:0]]
[2022.09.12-13.25.42:715][  0]LogConfig: Setting CVar [[r.Streaming.MaxNumTexturesToStreamPerFrame:0]]
[2022.09.12-13.25.42:715][  0]LogConfig: Setting CVar [[r.Streaming.Boost:1]]
[2022.09.12-13.25.42:715][  0]LogConfig: Setting CVar [[r.MaxAnisotropy:8]]
[2022.09.12-13.25.42:715][  0]LogConfig: Setting CVar [[r.VT.MaxAnisotropy:8]]
[2022.09.12-13.25.42:715][  0]LogConfig: Setting CVar [[r.Streaming.LimitPoolSizeToVRAM:0]]
[2022.09.12-13.25.42:715][  0]LogConfig: Setting CVar [[r.Streaming.PoolSize:1000]]
[2022.09.12-13.25.42:715][  0]LogConfig: Setting CVar [[r.Streaming.MaxEffectiveScreenSize:0]]
[2022.09.12-13.25.42:715][  0]LogConfig: Applying CVar settings from Section [EffectsQuality@3] File [C:/GITHUB/FinalDemo/MyDemo/Saved/Config/Windows/Scalability.ini]
[2022.09.12-13.25.42:715][  0]LogConfig: Setting CVar [[r.TranslucencyLightingVolumeDim:64]]
[2022.09.12-13.25.42:715][  0]LogConfig: Setting CVar [[r.RefractionQuality:2]]
[2022.09.12-13.25.42:715][  0]LogConfig: Setting CVar [[r.SSR.Quality:3]]
[2022.09.12-13.25.42:715][  0]LogConfig: Setting CVar [[r.SSR.HalfResSceneColor:0]]
[2022.09.12-13.25.42:715][  0]LogConfig: Setting CVar [[r.SceneColorFormat:4]]
[2022.09.12-13.25.42:715][  0]LogConfig: Setting CVar [[r.DetailMode:2]]
[2022.09.12-13.25.42:715][  0]LogConfig: Setting CVar [[r.TranslucencyVolumeBlur:1]]
[2022.09.12-13.25.42:715][  0]LogConfig: Setting CVar [[r.MaterialQualityLevel:1 ; High quality]]
[2022.09.12-13.25.42:715][  0]LogConfig: Setting CVar [[r.AnisotropicMaterials:1]]
[2022.09.12-13.25.42:715][  0]LogConfig: Setting CVar [[r.SSS.Scale:1]]
[2022.09.12-13.25.42:715][  0]LogConfig: Setting CVar [[r.SSS.SampleSet:2]]
[2022.09.12-13.25.42:715][  0]LogConfig: Setting CVar [[r.SSS.Quality:1]]
[2022.09.12-13.25.42:715][  0]LogConfig: Setting CVar [[r.SSS.HalfRes:0]]
[2022.09.12-13.25.42:715][  0]LogConfig: Setting CVar [[r.SSGI.Quality:3]]
[2022.09.12-13.25.42:715][  0]LogConfig: Setting CVar [[r.EmitterSpawnRateScale:1.0]]
[2022.09.12-13.25.42:715][  0]LogConfig: Setting CVar [[r.ParticleLightQuality:2]]
[2022.09.12-13.25.42:715][  0]LogConfig: Setting CVar [[r.SkyAtmosphere.AerialPerspectiveLUT.FastApplyOnOpaque:1 ; Always have FastSkyLUT 1 in this case to avoid wrong sky]]
[2022.09.12-13.25.42:715][  0]LogConfig: Setting CVar [[r.SkyAtmosphere.AerialPerspectiveLUT.SampleCountMaxPerSlice:4]]
[2022.09.12-13.25.42:715][  0]LogConfig: Setting CVar [[r.SkyAtmosphere.AerialPerspectiveLUT.DepthResolution:16.0]]
[2022.09.12-13.25.42:715][  0]LogConfig: Setting CVar [[r.SkyAtmosphere.FastSkyLUT:1]]
[2022.09.12-13.25.42:715][  0]LogConfig: Setting CVar [[r.SkyAtmosphere.FastSkyLUT.SampleCountMin:4.0]]
[2022.09.12-13.25.42:715][  0]LogConfig: Setting CVar [[r.SkyAtmosphere.FastSkyLUT.SampleCountMax:128.0]]
[2022.09.12-13.25.42:715][  0]LogConfig: Setting CVar [[r.SkyAtmosphere.SampleCountMin:4.0]]
[2022.09.12-13.25.42:715][  0]LogConfig: Setting CVar [[r.SkyAtmosphere.SampleCountMax:128.0]]
[2022.09.12-13.25.42:715][  0]LogConfig: Setting CVar [[r.SkyAtmosphere.TransmittanceLUT.UseSmallFormat:0]]
[2022.09.12-13.25.42:715][  0]LogConfig: Setting CVar [[r.SkyAtmosphere.TransmittanceLUT.SampleCount:10.0]]
[2022.09.12-13.25.42:715][  0]LogConfig: Setting CVar [[r.SkyAtmosphere.MultiScatteringLUT.SampleCount:15.0]]
[2022.09.12-13.25.42:715][  0]LogConfig: Setting CVar [[r.SkyLight.RealTimeReflectionCapture:1]]
[2022.09.12-13.25.42:715][  0]LogConfig: Applying CVar settings from Section [FoliageQuality@3] File [C:/GITHUB/FinalDemo/MyDemo/Saved/Config/Windows/Scalability.ini]
[2022.09.12-13.25.42:715][  0]LogConfig: Setting CVar [[foliage.DensityScale:1.0]]
[2022.09.12-13.25.42:715][  0]LogConfig: Setting CVar [[grass.DensityScale:1.0]]
[2022.09.12-13.25.42:715][  0]LogConfig: Applying CVar settings from Section [ShadingQuality@3] File [C:/GITHUB/FinalDemo/MyDemo/Saved/Config/Windows/Scalability.ini]
[2022.09.12-13.25.42:715][  0]LogConfig: Setting CVar [[r.HairStrands.SkyLighting.IntegrationType:2]]
[2022.09.12-13.25.42:715][  0]LogConfig: Setting CVar [[r.HairStrands.SkyAO.SampleCount:4]]
[2022.09.12-13.25.42:715][  0]LogConfig: Setting CVar [[r.HairStrands.Visibility.MSAA.SamplePerPixel:4]]
[2022.09.12-13.25.42:715][  0]LogInit: Selected Device Profile: [Windows]
[2022.09.12-13.25.42:715][  0]LogInit: Applying CVar settings loaded from the selected device profile: [Windows]
[2022.09.12-13.25.42:715][  0]LogHAL: Display: Platform has ~ 16 GB [16857182208 / 17179869184 / 16], which maps to Larger [LargestMinGB=32, LargerMinGB=12, DefaultMinGB=8, SmallerMinGB=6, SmallestMinGB=0)
[2022.09.12-13.25.42:716][  0]LogInit: Going up to parent DeviceProfile []
[2022.09.12-13.25.42:716][  0]LogConfig: Applying CVar settings from Section [ViewDistanceQuality@3] File [C:/GITHUB/FinalDemo/MyDemo/Saved/Config/Windows/Scalability.ini]
[2022.09.12-13.25.42:716][  0]LogConfig: Setting CVar [[r.SkeletalMeshLODBias:0]]
[2022.09.12-13.25.42:716][  0]LogConfig: Setting CVar [[r.ViewDistanceScale:1.0]]
[2022.09.12-13.25.42:716][  0]LogConfig: Applying CVar settings from Section [AntiAliasingQuality@3] File [C:/GITHUB/FinalDemo/MyDemo/Saved/Config/Windows/Scalability.ini]
[2022.09.12-13.25.42:716][  0]LogConfig: Setting CVar [[r.PostProcessAAQuality:4]]
[2022.09.12-13.25.42:716][  0]LogConfig: Applying CVar settings from Section [ShadowQuality@3] File [C:/GITHUB/FinalDemo/MyDemo/Saved/Config/Windows/Scalability.ini]
[2022.09.12-13.25.42:716][  0]LogConfig: Setting CVar [[r.LightFunctionQuality:1]]
[2022.09.12-13.25.42:716][  0]LogConfig: Setting CVar [[r.ShadowQuality:5]]
[2022.09.12-13.25.42:716][  0]LogConfig: Setting CVar [[r.Shadow.CSM.MaxCascades:10]]
[2022.09.12-13.25.42:716][  0]LogConfig: Setting CVar [[r.Shadow.MaxResolution:2048]]
[2022.09.12-13.25.42:716][  0]LogConfig: Setting CVar [[r.Shadow.MaxCSMResolution:2048]]
[2022.09.12-13.25.42:716][  0]LogConfig: Setting CVar [[r.Shadow.RadiusThreshold:0.01]]
[2022.09.12-13.25.42:716][  0]LogConfig: Setting CVar [[r.Shadow.DistanceScale:1.0]]
[2022.09.12-13.25.42:716][  0]LogConfig: Setting CVar [[r.Shadow.CSM.TransitionScale:1.0]]
[2022.09.12-13.25.42:716][  0]LogConfig: Setting CVar [[r.Shadow.PreShadowResolutionFactor:1.0]]
[2022.09.12-13.25.42:716][  0]LogConfig: Setting CVar [[r.DistanceFieldShadowing:1]]
[2022.09.12-13.25.42:716][  0]LogConfig: Setting CVar [[r.DistanceFieldAO:1]]
[2022.09.12-13.25.42:716][  0]LogConfig: Setting CVar [[r.AOQuality:2]]
[2022.09.12-13.25.42:716][  0]LogConfig: Setting CVar [[r.VolumetricFog:1]]
[2022.09.12-13.25.42:716][  0]LogConfig: Setting CVar [[r.VolumetricFog.GridPixelSize:8]]
[2022.09.12-13.25.42:716][  0]LogConfig: Setting CVar [[r.VolumetricFog.GridSizeZ:128]]
[2022.09.12-13.25.42:716][  0]LogConfig: Setting CVar [[r.VolumetricFog.HistoryMissSupersampleCount:4]]
[2022.09.12-13.25.42:716][  0]LogConfig: Setting CVar [[r.LightMaxDrawDistanceScale:1]]
[2022.09.12-13.25.42:716][  0]LogConfig: Setting CVar [[r.CapsuleShadows:1]]
[2022.09.12-13.25.42:716][  0]LogConfig: Applying CVar settings from Section [PostProcessQuality@3] File [C:/GITHUB/FinalDemo/MyDemo/Saved/Config/Windows/Scalability.ini]
[2022.09.12-13.25.42:716][  0]LogConfig: Setting CVar [[r.MotionBlurQuality:4]]
[2022.09.12-13.25.42:716][  0]LogConfig: Setting CVar [[r.AmbientOcclusionMipLevelFactor:0.4]]
[2022.09.12-13.25.42:716][  0]LogConfig: Setting CVar [[r.AmbientOcclusionMaxQuality:100]]
[2022.09.12-13.25.42:716][  0]LogConfig: Setting CVar [[r.AmbientOcclusionLevels:-1]]
[2022.09.12-13.25.42:716][  0]LogConfig: Setting CVar [[r.AmbientOcclusionRadiusScale:1.0]]
[2022.09.12-13.25.42:716][  0]LogConfig: Setting CVar [[r.DepthOfFieldQuality:2]]
[2022.09.12-13.25.42:716][  0]LogConfig: Setting CVar [[r.RenderTargetPoolMin:400]]
[2022.09.12-13.25.42:716][  0]LogConfig: Setting CVar [[r.LensFlareQuality:2]]
[2022.09.12-13.25.42:716][  0]LogConfig: Setting CVar [[r.SceneColorFringeQuality:1]]
[2022.09.12-13.25.42:716][  0]LogConfig: Setting CVar [[r.EyeAdaptationQuality:2]]
[2022.09.12-13.25.42:716][  0]LogConfig: Setting CVar [[r.BloomQuality:5]]
[2022.09.12-13.25.42:716][  0]LogConfig: Setting CVar [[r.FastBlurThreshold:100]]
[2022.09.12-13.25.42:716][  0]LogConfig: Setting CVar [[r.Upscale.Quality:3]]
[2022.09.12-13.25.42:716][  0]LogConfig: Setting CVar [[r.Tonemapper.GrainQuantization:1]]
[2022.09.12-13.25.42:716][  0]LogConfig: Setting CVar [[r.LightShaftQuality:1]]
[2022.09.12-13.25.42:716][  0]LogConfig: Setting CVar [[r.Filter.SizeScale:1]]
[2022.09.12-13.25.42:716][  0]LogConfig: Setting CVar [[r.Tonemapper.Quality:5]]
[2022.09.12-13.25.42:716][  0]LogConfig: Setting CVar [[r.DOF.Gather.AccumulatorQuality:1        ; higher gathering accumulator quality]]
[2022.09.12-13.25.42:716][  0]LogConfig: Setting CVar [[r.DOF.Gather.PostfilterMethod:1          ; Median3x3 postfilering method]]
[2022.09.12-13.25.42:716][  0]LogConfig: Setting CVar [[r.DOF.Gather.EnableBokehSettings:0       ; no bokeh simulation when gathering]]
[2022.09.12-13.25.42:716][  0]LogConfig: Setting CVar [[r.DOF.Gather.RingCount:4                 ; medium number of samples when gathering]]
[2022.09.12-13.25.42:716][  0]LogConfig: Setting CVar [[r.DOF.Scatter.ForegroundCompositing:1    ; additive foreground scattering]]
[2022.09.12-13.25.42:716][  0]LogConfig: Setting CVar [[r.DOF.Scatter.BackgroundCompositing:2    ; additive background scattering]]
[2022.09.12-13.25.42:716][  0]LogConfig: Setting CVar [[r.DOF.Scatter.EnableBokehSettings:1      ; bokeh simulation when scattering]]
[2022.09.12-13.25.42:716][  0]LogConfig: Setting CVar [[r.DOF.Scatter.MaxSpriteRatio:0.1         ; only a maximum of 10% of scattered bokeh]]
[2022.09.12-13.25.42:716][  0]LogConfig: Setting CVar [[r.DOF.Recombine.Quality:1                ; cheap slight out of focus]]
[2022.09.12-13.25.42:716][  0]LogConfig: Setting CVar [[r.DOF.Recombine.EnableBokehSettings:0    ; no bokeh simulation on slight out of focus]]
[2022.09.12-13.25.42:716][  0]LogConfig: Setting CVar [[r.DOF.TemporalAAQuality:1                ; more stable temporal accumulation]]
[2022.09.12-13.25.42:716][  0]LogConfig: Setting CVar [[r.DOF.Kernel.MaxForegroundRadius:0.025]]
[2022.09.12-13.25.42:716][  0]LogConfig: Setting CVar [[r.DOF.Kernel.MaxBackgroundRadius:0.025]]
[2022.09.12-13.25.42:716][  0]LogConfig: Applying CVar settings from Section [TextureQuality@3] File [C:/GITHUB/FinalDemo/MyDemo/Saved/Config/Windows/Scalability.ini]
[2022.09.12-13.25.42:716][  0]LogConfig: Setting CVar [[r.Streaming.MipBias:0]]
[2022.09.12-13.25.42:716][  0]LogConfig: Setting CVar [[r.Streaming.AmortizeCPUToGPUCopy:0]]
[2022.09.12-13.25.42:716][  0]LogConfig: Setting CVar [[r.Streaming.MaxNumTexturesToStreamPerFrame:0]]
[2022.09.12-13.25.42:716][  0]LogConfig: Setting CVar [[r.Streaming.Boost:1]]
[2022.09.12-13.25.42:716][  0]LogConfig: Setting CVar [[r.MaxAnisotropy:8]]
[2022.09.12-13.25.42:716][  0]LogConfig: Setting CVar [[r.VT.MaxAnisotropy:8]]
[2022.09.12-13.25.42:716][  0]LogConfig: Setting CVar [[r.Streaming.LimitPoolSizeToVRAM:0]]
[2022.09.12-13.25.42:716][  0]LogConfig: Setting CVar [[r.Streaming.PoolSize:1000]]
[2022.09.12-13.25.42:716][  0]LogConfig: Setting CVar [[r.Streaming.MaxEffectiveScreenSize:0]]
[2022.09.12-13.25.42:716][  0]LogConfig: Applying CVar settings from Section [EffectsQuality@3] File [C:/GITHUB/FinalDemo/MyDemo/Saved/Config/Windows/Scalability.ini]
[2022.09.12-13.25.42:716][  0]LogConfig: Setting CVar [[r.TranslucencyLightingVolumeDim:64]]
[2022.09.12-13.25.42:716][  0]LogConfig: Setting CVar [[r.RefractionQuality:2]]
[2022.09.12-13.25.42:716][  0]LogConfig: Setting CVar [[r.SSR.Quality:3]]
[2022.09.12-13.25.42:716][  0]LogConfig: Setting CVar [[r.SSR.HalfResSceneColor:0]]
[2022.09.12-13.25.42:716][  0]LogConfig: Setting CVar [[r.SceneColorFormat:4]]
[2022.09.12-13.25.42:716][  0]LogConfig: Setting CVar [[r.DetailMode:2]]
[2022.09.12-13.25.42:716][  0]LogConfig: Setting CVar [[r.TranslucencyVolumeBlur:1]]
[2022.09.12-13.25.42:716][  0]LogConfig: Setting CVar [[r.MaterialQualityLevel:1 ; High quality]]
[2022.09.12-13.25.42:716][  0]LogConfig: Setting CVar [[r.AnisotropicMaterials:1]]
[2022.09.12-13.25.42:716][  0]LogConfig: Setting CVar [[r.SSS.Scale:1]]
[2022.09.12-13.25.42:716][  0]LogConfig: Setting CVar [[r.SSS.SampleSet:2]]
[2022.09.12-13.25.42:716][  0]LogConfig: Setting CVar [[r.SSS.Quality:1]]
[2022.09.12-13.25.42:716][  0]LogConfig: Setting CVar [[r.SSS.HalfRes:0]]
[2022.09.12-13.25.42:716][  0]LogConfig: Setting CVar [[r.SSGI.Quality:3]]
[2022.09.12-13.25.42:716][  0]LogConfig: Setting CVar [[r.EmitterSpawnRateScale:1.0]]
[2022.09.12-13.25.42:716][  0]LogConfig: Setting CVar [[r.ParticleLightQuality:2]]
[2022.09.12-13.25.42:716][  0]LogConfig: Setting CVar [[r.SkyAtmosphere.AerialPerspectiveLUT.FastApplyOnOpaque:1 ; Always have FastSkyLUT 1 in this case to avoid wrong sky]]
[2022.09.12-13.25.42:716][  0]LogConfig: Setting CVar [[r.SkyAtmosphere.AerialPerspectiveLUT.SampleCountMaxPerSlice:4]]
[2022.09.12-13.25.42:716][  0]LogConfig: Setting CVar [[r.SkyAtmosphere.AerialPerspectiveLUT.DepthResolution:16.0]]
[2022.09.12-13.25.42:716][  0]LogConfig: Setting CVar [[r.SkyAtmosphere.FastSkyLUT:1]]
[2022.09.12-13.25.42:716][  0]LogConfig: Setting CVar [[r.SkyAtmosphere.FastSkyLUT.SampleCountMin:4.0]]
[2022.09.12-13.25.42:716][  0]LogConfig: Setting CVar [[r.SkyAtmosphere.FastSkyLUT.SampleCountMax:128.0]]
[2022.09.12-13.25.42:716][  0]LogConfig: Setting CVar [[r.SkyAtmosphere.SampleCountMin:4.0]]
[2022.09.12-13.25.42:716][  0]LogConfig: Setting CVar [[r.SkyAtmosphere.SampleCountMax:128.0]]
[2022.09.12-13.25.42:716][  0]LogConfig: Setting CVar [[r.SkyAtmosphere.TransmittanceLUT.UseSmallFormat:0]]
[2022.09.12-13.25.42:716][  0]LogConfig: Setting CVar [[r.SkyAtmosphere.TransmittanceLUT.SampleCount:10.0]]
[2022.09.12-13.25.42:716][  0]LogConfig: Setting CVar [[r.SkyAtmosphere.MultiScatteringLUT.SampleCount:15.0]]
[2022.09.12-13.25.42:716][  0]LogConfig: Setting CVar [[r.SkyLight.RealTimeReflectionCapture:1]]
[2022.09.12-13.25.42:716][  0]LogConfig: Applying CVar settings from Section [FoliageQuality@3] File [C:/GITHUB/FinalDemo/MyDemo/Saved/Config/Windows/Scalability.ini]
[2022.09.12-13.25.42:716][  0]LogConfig: Setting CVar [[foliage.DensityScale:1.0]]
[2022.09.12-13.25.42:716][  0]LogConfig: Setting CVar [[grass.DensityScale:1.0]]
[2022.09.12-13.25.42:716][  0]LogConfig: Applying CVar settings from Section [ShadingQuality@3] File [C:/GITHUB/FinalDemo/MyDemo/Saved/Config/Windows/Scalability.ini]
[2022.09.12-13.25.42:716][  0]LogConfig: Setting CVar [[r.HairStrands.SkyLighting.IntegrationType:2]]
[2022.09.12-13.25.42:716][  0]LogConfig: Setting CVar [[r.HairStrands.SkyAO.SampleCount:4]]
[2022.09.12-13.25.42:716][  0]LogConfig: Setting CVar [[r.HairStrands.Visibility.MSAA.SamplePerPixel:4]]
[2022.09.12-13.25.42:716][  0]LogConfig: Applying CVar settings from Section [Startup] File [../../../Engine/Config/ConsoleVariables.ini]
[2022.09.12-13.25.42:716][  0]LogConfig: Setting CVar [[net.UseAdaptiveNetUpdateFrequency:0]]
[2022.09.12-13.25.42:716][  0]LogConfig: Setting CVar [[p.chaos.AllowCreatePhysxBodies:1]]
[2022.09.12-13.25.42:716][  0]LogConfig: Setting CVar [[fx.SkipVectorVMBackendOptimizations:1]]
[2022.09.12-13.25.42:716][  0]LogConfig: Applying CVar settings from Section [ConsoleVariables] File [C:/GITHUB/FinalDemo/MyDemo/Saved/Config/Windows/Engine.ini]
[2022.09.12-13.25.42:716][  0]LogConfig: Applying CVar settings from Section [ConsoleVariables] File [C:/GITHUB/FinalDemo/MyDemo/Saved/Config/Windows/Editor.ini]
[2022.09.12-13.25.42:716][  0]LogInit: Computer: RIXINLI
[2022.09.12-13.25.42:716][  0]LogInit: User: 26412
[2022.09.12-13.25.42:716][  0]LogInit: CPU Page size=4096, Cores=14
[2022.09.12-13.25.42:716][  0]LogInit: High frequency timer resolution =10.000000 MHz
[2022.09.12-13.25.42:716][  0]LogMemory: Memory total: Physical=15.7GB (16GB approx)
[2022.09.12-13.25.42:716][  0]LogMemory: Platform Memory Stats for Windows
[2022.09.12-13.25.42:716][  0]LogMemory: Process Physical Memory: 135.69 MB used, 135.69 MB peak
[2022.09.12-13.25.42:716][  0]LogMemory: Process Virtual Memory: 132.48 MB used, 132.48 MB peak
[2022.09.12-13.25.42:716][  0]LogMemory: Physical Memory: 8796.97 MB used,  7279.29 MB free, 16076.26 MB total
[2022.09.12-13.25.42:716][  0]LogMemory: Virtual Memory: 134205264.00 MB used,  12467.68 MB free, 134217728.00 MB total
[2022.09.12-13.25.42:720][  0]LogWindows: WindowsPlatformFeatures enabled
[2022.09.12-13.25.42:742][  0]LogInit: Physics initialised using underlying interface: PhysX
[2022.09.12-13.25.42:743][  0]LogInit: Using OS detected language (zh-CN).
[2022.09.12-13.25.42:743][  0]LogInit: Using OS detected locale (zh-CN).
[2022.09.12-13.25.42:744][  0]LogTextLocalizationManager: No specific localization for 'zh-CN' exists, so the 'zh-Hans' localization will be used.
[2022.09.12-13.25.42:810][  0]LogTextLocalizationResource: LocRes '../../../Engine/Content/Localization/Editor/zh/Editor.locres' could not be opened for reading!
[2022.09.12-13.25.42:810][  0]LogTextLocalizationResource: LocRes '../../../Engine/Content/Localization/EditorTutorials/zh/EditorTutorials.locres' could not be opened for reading!
[2022.09.12-13.25.42:810][  0]LogTextLocalizationResource: LocRes '../../../Engine/Content/Localization/Keywords/zh/Keywords.locres' could not be opened for reading!
[2022.09.12-13.25.42:810][  0]LogTextLocalizationResource: LocRes '../../../Engine/Content/Localization/Category/zh/Category.locres' could not be opened for reading!
[2022.09.12-13.25.42:810][  0]LogTextLocalizationResource: LocRes '../../../Engine/Content/Localization/ToolTips/zh/ToolTips.locres' could not be opened for reading!
[2022.09.12-13.25.42:810][  0]LogTextLocalizationResource: LocRes '../../../Engine/Content/Localization/PropertyNames/zh/PropertyNames.locres' could not be opened for reading!
[2022.09.12-13.25.42:810][  0]LogTextLocalizationResource: LocRes '../../../Engine/Content/Localization/Engine/zh/Engine.locres' could not be opened for reading!
[2022.09.12-13.25.42:810][  0]LogTextLocalizationResource: LocRes '../../../Engine/Plugins/Online/OnlineSubsystem/Content/Localization/OnlineSubsystem/zh/OnlineSubsystem.locres' could not be opened for reading!
[2022.09.12-13.25.42:810][  0]LogTextLocalizationResource: LocRes '../../../Engine/Plugins/Online/OnlineSubsystemUtils/Content/Localization/OnlineSubsystemUtils/zh/OnlineSubsystemUtils.locres' could not be opened for reading!
[2022.09.12-13.25.42:810][  0]LogTextLocalizationResource: LocRes '../../../Engine/Plugins/Online/Android/OnlineSubsystemGooglePlay/Content/Localization/OnlineSubsystemGooglePlay/zh/OnlineSubsystemGooglePlay.locres' could not be opened for reading!
[2022.09.12-13.25.42:810][  0]LogTextLocalizationResource: LocRes '../../../Engine/Plugins/Online/IOS/OnlineSubsystemIOS/Content/Localization/OnlineSubsystemIOS/zh/OnlineSubsystemIOS.locres' could not be opened for reading!
[2022.09.12-13.25.42:837][  0]LogInit: Setting process to per monitor DPI aware
[2022.09.12-13.25.42:847][  0]LogWindowsTextInputMethodSystem: Display: IME system deactivated.
[2022.09.12-13.25.42:856][  0]LogSlate: New Slate User Created.  User Index 0, Is Virtual User: 0
[2022.09.12-13.25.42:856][  0]LogSlate: Slate User Registered.  User Index 0, Is Virtual User: 0
[2022.09.12-13.25.42:908][  0]LogD3D11RHI: Loaded GFSDK_Aftermath_Lib.x64.dll
[2022.09.12-13.25.42:911][  0]LogHMD: Failed to initialize OpenVR with code 110
[2022.09.12-13.25.42:911][  0]LogD3D11RHI: D3D11 min allowed feature level: 11_0
[2022.09.12-13.25.42:911][  0]LogD3D11RHI: D3D11 max allowed feature level: 11_0
[2022.09.12-13.25.42:911][  0]LogD3D11RHI: D3D11 adapters:
[2022.09.12-13.25.42:972][  0]LogD3D11RHI:    0. 'NVIDIA GeForce RTX 3070 Ti Laptop GPU' (Feature Level 11_0)
[2022.09.12-13.25.42:972][  0]LogD3D11RHI:       8043/0/8038 MB DedicatedVideo/DedicatedSystem/SharedSystem, Outputs:1, VendorId:0x10de
[2022.09.12-13.25.43:070][  0]LogD3D11RHI:    1. 'Intel(R) Iris(R) Xe Graphics' (Feature Level 11_0)
[2022.09.12-13.25.43:070][  0]LogD3D11RHI:       128/0/8038 MB DedicatedVideo/DedicatedSystem/SharedSystem, Outputs:0, VendorId:0x8086
[2022.09.12-13.25.43:072][  0]LogD3D11RHI:    2. 'Microsoft Basic Render Driver' (Feature Level 11_0)
[2022.09.12-13.25.43:072][  0]LogD3D11RHI:       0/0/8038 MB DedicatedVideo/DedicatedSystem/SharedSystem, Outputs:0, VendorId:0x1414
[2022.09.12-13.25.43:072][  0]LogD3D11RHI: Chosen D3D11 Adapter:
[2022.09.12-13.25.43:072][  0]LogD3D11RHI:     Description : NVIDIA GeForce RTX 3070 Ti Laptop GPU
[2022.09.12-13.25.43:072][  0]LogD3D11RHI:     VendorId    : 10de
[2022.09.12-13.25.43:072][  0]LogD3D11RHI:     DeviceId    : 24a0
[2022.09.12-13.25.43:072][  0]LogD3D11RHI:     SubSysId    : 1a8c1043
[2022.09.12-13.25.43:072][  0]LogD3D11RHI:     Revision    : 00a1
[2022.09.12-13.25.43:072][  0]LogD3D11RHI:     DedicatedVideoMemory : 8433696768 bytes
[2022.09.12-13.25.43:072][  0]LogD3D11RHI:     DedicatedSystemMemory : 0 bytes
[2022.09.12-13.25.43:072][  0]LogD3D11RHI:     SharedSystemMemory : 8428591104 bytes
[2022.09.12-13.25.43:072][  0]LogD3D11RHI:     AdapterLuid : 0 59235
[2022.09.12-13.25.43:077][  0]LogD3D11RHI: Creating new Direct3DDevice
[2022.09.12-13.25.43:077][  0]LogD3D11RHI:     GPU DeviceId: 0x24a0 (for the marketing name, search the web for "GPU Device Id")
[2022.09.12-13.25.43:077][  0]LogWindows: EnumDisplayDevices:
[2022.09.12-13.25.43:077][  0]LogWindows:    0. 'NVIDIA GeForce RTX 3070 Ti Laptop GPU' (P:1 D:1)
[2022.09.12-13.25.43:077][  0]LogWindows:    1. 'NVIDIA GeForce RTX 3070 Ti Laptop GPU' (P:0 D:0)
[2022.09.12-13.25.43:077][  0]LogWindows:    2. 'NVIDIA GeForce RTX 3070 Ti Laptop GPU' (P:0 D:0)
[2022.09.12-13.25.43:077][  0]LogWindows:    3. 'NVIDIA GeForce RTX 3070 Ti Laptop GPU' (P:0 D:0)
[2022.09.12-13.25.43:077][  0]LogWindows:    4. 'Intel(R) Iris(R) Xe Graphics' (P:0 D:0)
[2022.09.12-13.25.43:077][  0]LogWindows:    5. 'Intel(R) Iris(R) Xe Graphics' (P:0 D:0)
[2022.09.12-13.25.43:077][  0]LogWindows:    6. 'Intel(R) Iris(R) Xe Graphics' (P:0 D:0)
[2022.09.12-13.25.43:078][  0]LogWindows:    7. 'Intel(R) Iris(R) Xe Graphics' (P:0 D:0)
[2022.09.12-13.25.43:078][  0]LogWindows: DebugString: PrimaryIsNotTheChoosenAdapter PrimaryIsNotTheChoosenAdapter PrimaryIsNotTheChoosenAdapter PrimaryIsNotTheChoosenAdapter FoundDriverCount:4 
[2022.09.12-13.25.43:078][  0]LogD3D11RHI:     Adapter Name: NVIDIA GeForce RTX 3070 Ti Laptop GPU
[2022.09.12-13.25.43:078][  0]LogD3D11RHI:   Driver Version: 516.40 (internal:31.0.15.1640, unified:516.40)
[2022.09.12-13.25.43:078][  0]LogD3D11RHI:      Driver Date: 6-6-2022
[2022.09.12-13.25.43:078][  0]LogRHI: Texture pool is 5630 MB (70% of 8043 MB)
[2022.09.12-13.25.43:078][  0]LogD3D11RHI: Creating D3DDevice using adapter:
[2022.09.12-13.25.43:078][  0]LogD3D11RHI:     Description : NVIDIA GeForce RTX 3070 Ti Laptop GPU
[2022.09.12-13.25.43:078][  0]LogD3D11RHI:     VendorId    : 10de
[2022.09.12-13.25.43:078][  0]LogD3D11RHI:     DeviceId    : 24a0
[2022.09.12-13.25.43:078][  0]LogD3D11RHI:     SubSysId    : 1a8c1043
[2022.09.12-13.25.43:078][  0]LogD3D11RHI:     Revision    : 00a1
[2022.09.12-13.25.43:078][  0]LogD3D11RHI:     DedicatedVideoMemory : 8433696768 bytes
[2022.09.12-13.25.43:078][  0]LogD3D11RHI:     DedicatedSystemMemory : 0 bytes
[2022.09.12-13.25.43:078][  0]LogD3D11RHI:     SharedSystemMemory : 8428591104 bytes
[2022.09.12-13.25.43:078][  0]LogD3D11RHI:     AdapterLuid : 0 59235
[2022.09.12-13.25.43:117][  0]LogD3D11RHI: RHI has support for 64 bit atomics
[2022.09.12-13.25.43:117][  0]LogD3D11RHI: Async texture creation enabled
[2022.09.12-13.25.43:117][  0]LogD3D11RHI: Array index from any shader is supported
[2022.09.12-13.25.43:139][  0]LogD3D11RHI: GPU Timing Frequency: 1000.000000 (Debug: 2 2)
[2022.09.12-13.25.43:153][  0]LogRHI: GeForceNow SDK initialized: 1
[2022.09.12-13.25.43:293][  0]LogTargetPlatformManager: Display: Loaded TargetPlatform 'AllDesktop'
[2022.09.12-13.25.43:307][  0]LogTargetPlatformManager: Display: Loaded TargetPlatform 'Android'
[2022.09.12-13.25.43:307][  0]LogTargetPlatformManager: Display: Loaded TargetPlatform 'Android_ASTC'
[2022.09.12-13.25.43:307][  0]LogTargetPlatformManager: Display: Loaded TargetPlatform 'Android_DXT'
[2022.09.12-13.25.43:307][  0]LogTargetPlatformManager: Display: Loaded TargetPlatform 'Android_ETC2'
[2022.09.12-13.25.43:307][  0]LogTargetPlatformManager: Display: Loaded TargetPlatform 'AndroidClient'
[2022.09.12-13.25.43:307][  0]LogTargetPlatformManager: Display: Loaded TargetPlatform 'Android_ASTCClient'
[2022.09.12-13.25.43:307][  0]LogTargetPlatformManager: Display: Loaded TargetPlatform 'Android_DXTClient'
[2022.09.12-13.25.43:307][  0]LogTargetPlatformManager: Display: Loaded TargetPlatform 'Android_ETC2Client'
[2022.09.12-13.25.43:307][  0]LogTargetPlatformManager: Display: Loaded TargetPlatform 'Android_Multi'
[2022.09.12-13.25.43:307][  0]LogTargetPlatformManager: Display: Loaded TargetPlatform 'Android_MultiClient'
[2022.09.12-13.25.43:319][  0]LogTargetPlatformManager: Display: Loaded TargetPlatform 'IOSClient'
[2022.09.12-13.25.43:319][  0]LogTargetPlatformManager: Display: Loaded TargetPlatform 'IOS'
[2022.09.12-13.25.43:333][  0]LogTargetPlatformManager: Display: Loaded TargetPlatform 'Lumin'
[2022.09.12-13.25.43:333][  0]LogTargetPlatformManager: Display: Loaded TargetPlatform 'LuminClient'
[2022.09.12-13.25.43:337][  0]LogTargetPlatformManager: Display: Loaded TargetPlatform 'MacNoEditor'
[2022.09.12-13.25.43:340][  0]LogTargetPlatformManager: Display: Loaded TargetPlatform 'Mac'
[2022.09.12-13.25.43:342][  0]LogTargetPlatformManager: Display: Loaded TargetPlatform 'MacClient'
[2022.09.12-13.25.43:345][  0]LogTargetPlatformManager: Display: Loaded TargetPlatform 'MacServer'
[2022.09.12-13.25.43:350][  0]LogTargetPlatformManager: Display: Loaded TargetPlatform 'TVOSClient'
[2022.09.12-13.25.43:350][  0]LogTargetPlatformManager: Display: Loaded TargetPlatform 'TVOS'
[2022.09.12-13.25.43:355][  0]LogTargetPlatformManager: Display: Loaded TargetPlatform 'WindowsNoEditor'
[2022.09.12-13.25.43:357][  0]LogTargetPlatformManager: Display: Loaded TargetPlatform 'Windows'
[2022.09.12-13.25.43:360][  0]LogTargetPlatformManager: Display: Loaded TargetPlatform 'WindowsClient'
[2022.09.12-13.25.43:362][  0]LogTargetPlatformManager: Display: Loaded TargetPlatform 'WindowsServer'
[2022.09.12-13.25.43:362][  0]LogTargetPlatformManager: Display: Building Assets For Windows
[2022.09.12-13.25.43:366][  0]LogAudioDebug: Display: Lib vorbis DLL was dynamically loaded.
[2022.09.12-13.25.43:385][  0]LogTextureFormatOodle: Display: Oodle Texture 2.9.0 init RDO Off
[2022.09.12-13.25.43:407][  0]LogRendererCore: Ray tracing is disabled. Reason: r.RayTracing=0.
[2022.09.12-13.25.43:407][  0]LogShaderCompilers: Guid format shader working directory is 10 characters bigger than the processId version (../../../../GITHUB/FinalDemo/MyDemo/Intermediate/Shaders/WorkingDirectory/12968/).
[2022.09.12-13.25.43:407][  0]LogShaderCompilers: Cleaned the shader compiler working directory 'C:/Users/26412/AppData/Local/Temp/UnrealShaderWorkingDir/06BE7EF046CCA0604AE716AD4A5D9758/'.
[2022.09.12-13.25.43:407][  0]LogXGEController: Cannot use XGE Controller as Incredibuild is not installed on this machine.
[2022.09.12-13.25.43:407][  0]LogShaderCompilers: Cannot use XGE Shader Compiler as Incredibuild is not installed on this machine.
[2022.09.12-13.25.43:407][  0]LogShaderCompilers: Display: Using Local Shader Compiler.
[2022.09.12-13.25.43:901][  0]LogDerivedDataCache: Display: Max Cache Size: 512 MB
[2022.09.12-13.25.43:901][  0]LogDerivedDataCache: Display: Starting with empty Boot cache
[2022.09.12-13.25.43:901][  0]LogDerivedDataCache: FDerivedDataBackendGraph:  Pak pak cache file ../../../../GITHUB/FinalDemo/MyDemo/DerivedDataCache/DDC.ddp not found, will not use a pak cache.
[2022.09.12-13.25.43:901][  0]LogDerivedDataCache: Unable to find inner node Pak for hierarchical cache Hierarchy.
[2022.09.12-13.25.43:901][  0]LogDerivedDataCache: FDerivedDataBackendGraph:  EnginePak pak cache file ../../../Engine/DerivedDataCache/DDC.ddp not found, will not use a pak cache.
[2022.09.12-13.25.43:901][  0]LogDerivedDataCache: Unable to find inner node EnginePak for hierarchical cache Hierarchy.
[2022.09.12-13.25.43:904][  0]LogDerivedDataCache: Speed tests for ../../../Engine/DerivedDataCache took 0.00 seconds
[2022.09.12-13.25.43:904][  0]LogDerivedDataCache: Display: Performance to ../../../Engine/DerivedDataCache: Latency=0.01ms. RandomReadSpeed=1940.08MBs, RandomWriteSpeed=356.28MBs. Assigned SpeedClass 'Local'
[2022.09.12-13.25.43:905][  0]LogDerivedDataCache: Using Local data cache path ../../../Engine/DerivedDataCache: Writable
[2022.09.12-13.25.43:905][  0]LogDerivedDataCache: Shared data cache path not found in *engine.ini, will not use an Shared cache.
[2022.09.12-13.25.43:905][  0]LogDerivedDataCache: Unable to find inner node Shared for hierarchical cache Hierarchy.
[2022.09.12-13.25.44:035][  0]LogSlate: Using FreeType 2.10.0
[2022.09.12-13.25.44:035][  0]LogSlate: SlateFontServices - WITH_FREETYPE: 1, WITH_HARFBUZZ: 1
[2022.09.12-13.25.44:049][  0]LogAssetRegistry: FAssetRegistry took 0.0018 seconds to start up
[2022.09.12-13.25.44:204][  0]LogInit: Selected Device Profile: [Windows]
[2022.09.12-13.25.44:204][  0]LogInit: Active device profile: [000001CDC809A300][000001CDC7BCA2C0 49] Windows
[2022.09.12-13.25.44:204][  0]LogInit: Profiles: [000001CDC809A300][000001CDC7BCA2C0 49] Windows, [000001CDC8052800][000001CDC7BD2440 49] WindowsNoEditor, [000001CDC809AC00][000001CDC7BD65C0 49] WindowsServer, [000001CDC8052A00][000001CDC7BDA740 49] WindowsClient, [000001CDC809AA00][000001CDC7BDE8C0 49] IOS, [000001CDC8052400][000001CDC7BE2A40 49] iPadAir, [000001CDC8099800][000001CDC7BE6BC0 49] iPadAir2, [000001CDC93EE500][000001CDC7BEEE80 49] IPadPro, [000001CDC93EE600][000001CDC7BEAEC0 49] iPadAir3, [000001CDC809BE00][000001CDC7BF3040 49] iPadAir4, [000001CDC93EEA00][000001CDC7BF71C0 49] iPadMini2, [000001CDC809A600][000001CDC7BFB340 49] iPadMini3, [000001CDC93EC700][000001CDC7BFF4C0 49] iPadMini4, [000001CDC8099F00][000001CDC7C03640 49] iPadMini5, [000001CDC942DE00][000001CDC7C07880 49] iPhone6, [000001CDC942DF00][000001CDC7BCF8C0 49] iPodTouch6, [000001CDC93EDA00][000001CDC7C0FB00 49] iPhone7, [000001CDC93ED900][000001CDC7C0BB40 49] iPodTouch7, [000001CDC942E400][000001CDC7C16140 49] iPhone5S, [000001CDC93ED500][000001CDC7C1A2C0 49] iPhone6Plus, [000001CDC942C400][000001CDC8DEE440 49] iPhone6S, [000001CDC93EFB00][000001CDC8DF25C0 49] iPhone6SPlus, [000001CDC942EB00][000001CDC8DF6740 49] iPhone7Plus, [000001CDC93ECF00][000001CDC8DFA8C0 49] iPhoneSE, [000001CDC942D400][000001CDC8DFEA40 49] iPhone8, [000001CDC93EF700][000001CDC8E02BC0 49] iPhone8Plus, [000001CDC942F500][000001CDC8E06D40 49] iPhoneX, [000001CDC93EED00][000001CDC8E0AEC0 49] iPhoneXS, [000001CDC942CF00][000001CDC8E0F040 49] iPhoneXSMax, [000001CDC93EE000][000001CDC8E131C0 49] iPhoneXR, [000001CDC942FB00][000001CDC8E17340 49] iPhone11, [000001CDC93EDB00][000001CDC8E1B4C0 49] iPhone11Pro, [000001CDC942CA00][000001CDC8E1F640 49] iPhone11ProMax, [000001CDC93EF500][000001CDC8E237C0 49] iPhoneSE2, [000001CDC942D200][000001CDC7C13900 49] iPhone12Mini, [000001CDC93ECA00][000001CDC8E27A40 49] iPhone12, [000001CDC942D900][000001CDC8E2BB80 49] iPhone12Pro, [000001CDC93EFD00][000001CDC8E2E140 49] iPhone12ProMax, [000001CDC942E000][000001CDC8E362C0 49] iPadPro105, [000001CDC93EC900][000001CDC8E3A440 49] iPadPro129, [000001CDC942F400][000001CDC8E3E5C0 49] iPadPro97, [000001CDC93EC400][000001CDC8E42740 49] iPadPro2_129, [000001CDC942F200][000001CDC8E468C0 49] iPad5, [000001CDC93EC300][000001CDC8E4AA40 49] iPad6, [000001CDC80E8800][000001CDC8E4EBC0 49] iPad7, [000001CDC8051A00][000001CDC8E52D40 49] iPad8, [000001CDC80E9100][000001CDC8E56EC0 49] iPadPro11, [000001CDC8052100][000001CDC8E5B040 49] iPadPro2_11, [000001CDC93ECC00][000001CDC8E5F1C0 49] iPadPro3_129, [000001CDC8051F00][000001CDC8E63340 49] iPadPro4_129, [000001CDC93EE900][000001CDC8E674C0 49] AppleTV, [000001CDC8050600][000001CDC8E6B640 49] AppleTV4K, [000001CDC93EFF00][000001CDC8E6F7C0 49] TVOS, [000001CDC8052900][000001CDC8E73940 49] Mac, [000001CDC942FF00][000001CDC8E77AC0 49] MacClient, [000001CDC8050400][000001CDC8E33C00 49] MacNoEditor, [000001CDC942E700][000001CDC8E7A1C0 49] MacServer, [000001CDC8051B00][000001CDC8E7E300 49] Linux, [000001CDC942F300][000001CDC8E86480 49] LinuxAArch64, [000001CDC8051900][000001CDC8E8A600 49] LinuxNoEditor, [000001CDC942C700][000001CDC8E8E780 49] LinuxAArch64NoEditor, [000001CDC8053D00][000001CDC8E92900 49] LinuxClient, [000001CDC942D700][000001CDC8E96A80 49] LinuxAArch64Client, [000001CDC8052E00][000001CDC8E9AC00 49] LinuxServer, [000001CDC942F800][000001CDC8E9ED80 49] LinuxAArch64Server, [000001CDC8050100][000001CDC8EA2F00 49] Android, [000001CDC942C900][000001CDC8EA7080 49] Android_Low, [000001CDC8050800][000001CDC8EAB200 49] Android_Mid, [000001CDC942D100][000001CDC8EAF380 49] Android_High, [000001CDC8053600][000001CDC8EB3500 49] Android_Default, [000001CDC942EA00][000001CDC8EB7680 49] Android_Adreno4xx, [000001CDC8052B00][000001CDC8EBB800 49] Android_Adreno5xx_Low, [000001CDC942D600][000001CDC8EBF980 49] Android_Adreno5xx, [000001CDC8052D00][000001CDC8EC3B00 49] Android_Adreno6xx, [000001CDC942F900][000001CDC8EC6100 49] Android_Adreno6xx_Vulkan, [000001CDC8053E00][000001CDC8E82240 49] Android_Mali_T6xx, [000001CDC942FC00][000001CDC8ECA380 49] Android_Mali_T7xx, [000001CDC8053900][000001CDC8ECE4C0 49] Android_Mali_T8xx, [000001CDC942C300][000001CDC8ED6640 49] Android_Mali_G71, [000001CDC8051500][000001CDC8EDA7C0 49] Android_Mali_G72, [000001CDC942E500][000001CDC8EDE940 49] Android_Mali_G72_Vulkan, [000001CDC8052500][000001CDC8EE2AC0 49] Android_Mali_G76, [000001CDC942C100][000001CDC8EE6C40 49] Android_Mali_G76_Vulkan, [000001CDC8051400][000001CDC8EEADC0 49] Android_Mali_G77, [000001CDC942F000][000001CDC8EEEF40 49] Android_Mali_G77_Vulkan, [000001CDC8051200][000001CDC8EF30C0 49] Android_Mali_G78, [000001CDC942CB00][000001CDC8EF7240 49] Android_Mali_G78_Vulkan, [000001CDC8051300][000001CDC8EFB3C0 49] Android_Mali_G710, [000001CDC942ED00][000001CDC8EFF540 49] Android_Mali_G710_Vulkan, [000001CDC8051800][000001CDC8F036C0 49] Android_Vulkan_SM5, [000001CDC942EC00][000001CDC8F07840 49] Android_PowerVR_G6xxx, [000001CDC8053400][000001CDC8F0B9C0 49] Android_PowerVR_GT7xxx, [000001CDC942E100][000001CDC8F0FB40 49] Android_PowerVR_GE8xxx, [000001CDC8051E00][000001CDC8F12140 49] Android_PowerVR_GM9xxx, [000001CDC942E900][000001CDC8F162C0 49] Android_PowerVR_GM9xxx_Vulkan, [000001CDC8053700][000001CDC8ED2400 49] Android_TegraK1, [000001CDC942D000][000001CDC8F1A540 49] Android_Unknown_Vulkan, [000001CDC8050200][000001CDC8F1E680 49] Lumin, [000001CDC93ED800][000001CDC8F227C0 49] Lumin_Desktop, [000001CDC8098500][000001CDC8F2A940 49] HoloLens, 
[2022.09.12-13.25.44:359][  0]LogMeshReduction: Using QuadricMeshReduction for automatic static mesh reduction
[2022.09.12-13.25.44:359][  0]LogMeshReduction: Using SimplygonMeshReduction for automatic skeletal mesh reduction
[2022.09.12-13.25.44:359][  0]LogMeshReduction: Using ProxyLODMeshReduction for automatic mesh merging
[2022.09.12-13.25.44:359][  0]LogMeshReduction: No distributed automatic mesh merging module available
[2022.09.12-13.25.44:359][  0]LogMeshMerging: No distributed automatic mesh merging module available
[2022.09.12-13.25.44:433][  0]LogNetVersion: MyDemo 1.0.0, NetCL: 0, EngineNetVer: 17, GameNetVer: 0 (Checksum: 446173462)
[2022.09.12-13.25.45:412][  0]LogTexture: Default maximum texture size for cubemaps generated from long-lat sources has been changed from 512 to unlimited. In order to preserve old behaiour for '/Engine/MapTemplates/Sky/DaylightAmbientCubemap.DaylightAmbientCubemap', its maximum texture size has been explicitly set to 512.
[2022.09.12-13.25.45:516][  0]LogHMD: PokeAHoleMaterial loaded successfully
[2022.09.12-13.25.45:520][  0]LogUObjectArray: 17164 objects as part of root set at end of initial load.
[2022.09.12-13.25.45:520][  0]LogUObjectAllocator: 4298528 out of 0 bytes used by permanent object pool.
[2022.09.12-13.25.45:520][  0]LogUObjectArray: CloseDisregardForGC: 0/0 objects in disregard for GC pool
[2022.09.12-13.25.45:799][  0]LogNiagaraDebuggerClient: Niagara Debugger Client Initialized | Session: F0B08AE348E587401ACF8EB659D64800 | Instance: AA648B8C4A7C151156E042AD1A2DB62A (RIXINLI-12968).
[2022.09.12-13.25.45:823][  0]LogPython: Using Python 3.7.7
[2022.09.12-13.25.46:216][  0]LogUdpMessaging: Initializing bridge on interface 0.0.0.0:0 to multicast group 230.0.0.1:6666.
[2022.09.12-13.25.46:221][  0]LogTcpMessaging: Initializing TcpMessaging bridge
[2022.09.12-13.25.46:337][  0]SourceControl: 源码管理已禁用
[2022.09.12-13.25.46:337][  0]SourceControl: 源码管理已禁用
[2022.09.12-13.25.46:339][  0]SourceControl: 源码管理已禁用
[2022.09.12-13.25.46:345][  0]SourceControl: 源码管理已禁用
[2022.09.12-13.25.46:350][  0]LogUProjectInfo: Found projects:
[2022.09.12-13.25.46:352][  0]SourceControl: 源码管理已禁用
[2022.09.12-13.25.46:500][  0]LogOpenImageDenoise: OIDN starting up
[2022.09.12-13.25.46:534][  0]LogAndroidPermission: UAndroidPermissionCallbackProxy::GetInstance
[2022.09.12-13.25.46:550][  0]LogAudioCaptureCore: Display: No Audio Capture implementations found. Audio input will be silent.
[2022.09.12-13.25.46:550][  0]LogAudioCaptureCore: Display: No Audio Capture implementations found. Audio input will be silent.
[2022.09.12-13.25.46:846][  0]LogCollectionManager: Loaded 0 collections in 0.001092 seconds
[2022.09.12-13.25.46:871][  0]LogFileCache: Scanning file cache for directory 'C:/GITHUB/FinalDemo/MyDemo/Saved/Collections/' took 0.00s
[2022.09.12-13.25.46:871][  0]LogFileCache: Scanning file cache for directory 'C:/GITHUB/FinalDemo/MyDemo/Content/Developers/26412/Collections/' took 0.00s
[2022.09.12-13.25.46:871][  0]LogFileCache: Scanning file cache for directory 'C:/GITHUB/FinalDemo/MyDemo/Content/Collections/' took 0.00s
[2022.09.12-13.25.46:871][  0]LogOcInput: OculusInput pre-init called
[2022.09.12-13.25.47:120][  0]LogEngine: Initializing Engine...
[2022.09.12-13.25.47:122][  0]LogHMD: Failed to enumerate extensions. Please check that you have a valid OpenXR runtime installed.
[2022.09.12-13.25.47:122][  0]LogHMD: Failed to initialize OpenVR with code 110
[2022.09.12-13.25.47:122][  0]LogMagicLeap: Warning: VR disabled because ZI is not enabled.  To enable, in the editor, Edit -> Project Settings -> Plugins -> Magic Leap Plugin -> Enable Zero Iteration
[2022.09.12-13.25.47:123][  0]LogStats: UGameplayTagsManager::InitializeManager -  0.000 s
[2022.09.12-13.25.47:374][  0]LogInit: Initializing FReadOnlyCVARCache
[2022.09.12-13.25.47:379][  0]LogAIModule: Creating AISystem for world Untitled
[2022.09.12-13.25.47:380][  0]LogAudio: Display: Initializing Audio Device Manager...
[2022.09.12-13.25.47:382][  0]LogAudio: Display: Loading Default Audio Settings Objects...
[2022.09.12-13.25.47:382][  0]LogAudio: Display: No default SoundConcurrencyObject specified (or failed to load).
[2022.09.12-13.25.47:383][  0]LogAudio: Display: Audio Device Manager Initialized
[2022.09.12-13.25.47:383][  0]LogAudio: Display: Creating Audio Device:                 Id: 1, Scope: Shared, Realtime: True
[2022.09.12-13.25.47:383][  0]LogAudioMixer: Display: Audio Mixer Platform Settings:
[2022.09.12-13.25.47:383][  0]LogAudioMixer: Display: 	Sample Rate:						  48000
[2022.09.12-13.25.47:383][  0]LogAudioMixer: Display: 	Callback Buffer Frame Size Requested: 1024
[2022.09.12-13.25.47:383][  0]LogAudioMixer: Display: 	Callback Buffer Frame Size To Use:	  1024
[2022.09.12-13.25.47:383][  0]LogAudioMixer: Display: 	Number of buffers to queue:			  2
[2022.09.12-13.25.47:383][  0]LogAudioMixer: Display: 	Max Channels (voices):				  32
[2022.09.12-13.25.47:383][  0]LogAudioMixer: Display: 	Number of Async Source Workers:		  0
[2022.09.12-13.25.47:383][  0]LogAudio: Display: AudioDevice MaxSources: 32
[2022.09.12-13.25.47:383][  0]LogAudio: Display: Audio Spatialization Plugin: None (built-in).
[2022.09.12-13.25.47:383][  0]LogAudio: Display: Audio Reverb Plugin: None (built-in).
[2022.09.12-13.25.47:383][  0]LogAudio: Display: Audio Occlusion Plugin: None (built-in).
[2022.09.12-13.25.47:383][  0]LogAudioMixer: Display: Initializing audio mixer.
[2022.09.12-13.25.47:389][  0]LogAudioMixer: Display: 0: FrontLeft
[2022.09.12-13.25.47:389][  0]LogAudioMixer: Display: 1: FrontRight
[2022.09.12-13.25.47:498][  0]LogAudioMixer: Display: Using Audio Device Speakers (Realtek(R) Audio)
[2022.09.12-13.25.47:498][  0]LogAudioMixer: Display: Initializing Sound Submixes...
[2022.09.12-13.25.47:499][  0]LogAudioMixer: Display: Creating Master Submix 'MasterSubmixDefault'
[2022.09.12-13.25.47:499][  0]LogAudioMixer: Display: Creating Master Submix 'MasterReverbSubmixDefault'
[2022.09.12-13.25.47:500][  0]LogAudioMixer: Display: Creating Master Submix 'MasterEQSubmixDefault'
[2022.09.12-13.25.47:500][  0]LogAudioMixer: FMixerPlatformXAudio2::StartAudioStream() called
[2022.09.12-13.25.47:500][  0]LogAudioMixer: Display: Output buffers initialized: Frames=1024, Channels=2, Samples=2048
[2022.09.12-13.25.47:501][  0]LogAudioMixer: Display: Starting AudioMixerPlatformInterface::RunInternal()
[2022.09.12-13.25.47:501][  0]LogAudioMixer: Display: FMixerPlatformXAudio2::SubmitBuffer() called for the first time
[2022.09.12-13.25.47:501][  0]LogInit: FAudioDevice initialized.
[2022.09.12-13.25.47:501][  0]LogAudio: Display: Audio Device (ID: 1) registered with world 'Untitled'.
[2022.09.12-13.25.47:502][  0]LogNetVersion: Set ProjectVersion to 1.0.0.0. Version Checksum will be recalculated on next use.
[2022.09.12-13.25.47:755][  0]LogDerivedDataCache: Saved boot cache 0.25s 94MB ../../../../GITHUB/FinalDemo/MyDemo/DerivedDataCache/Boot.ddc.
[2022.09.12-13.25.47:756][  0]LogInit: Texture streaming: Enabled
[2022.09.12-13.25.47:765][  0]LogAnalytics: Display: [UEEditor.UnrealEngine.Release] APIServer = https://datarouter.ol.epicgames.com/. AppVersion = 4.27.2-0+++UE4+Release-4.27
[2022.09.12-13.25.47:767][  0]LogEngineSessionManager: EngineSessionManager initialized
[2022.09.12-13.25.47:767][  0]LogEditorSessionSummary: Verbose: Initializing EditorSessionSummaryWriter for editor session tracking
[2022.09.12-13.25.47:768][  0]LogEditorSessionSummary: EditorSessionSummaryWriter initialized
[2022.09.12-13.25.47:779][  0]LogInit: Transaction tracking system initialized
[2022.09.12-13.25.47:792][  0]BlueprintLog: New page: 编辑器加载
[2022.09.12-13.25.47:835][  0]LocalizationService: 本地化服务已禁用
[2022.09.12-13.25.47:849][  0]TimingProfiler: Initialize
[2022.09.12-13.25.47:849][  0]TimingProfiler: OnSessionChanged
[2022.09.12-13.25.47:849][  0]LoadingProfiler: Initialize
[2022.09.12-13.25.47:850][  0]LoadingProfiler: OnSessionChanged
[2022.09.12-13.25.47:850][  0]NetworkingProfiler: Initialize
[2022.09.12-13.25.47:850][  0]NetworkingProfiler: OnSessionChanged
[2022.09.12-13.25.47:850][  0]MemoryProfiler: Initialize
[2022.09.12-13.25.47:850][  0]MemoryProfiler: OnSessionChanged
[2022.09.12-13.25.48:083][  0]LogCook: Display: CookSettings for Memory: MemoryMaxUsedVirtual 0MiB, MemoryMaxUsedPhysical 16384MiB, MemoryMinFreeVirtual 0MiB, MemoryMinFreePhysical 1024MiB
[2022.09.12-13.25.48:083][  0]LogCook: Display: Mobile HDR setting 1
[2022.09.12-13.25.48:197][  0]LogFileCache: Scanning file cache for directory 'C:/GITHUB/FinalDemo/MyDemo/Content/' took 0.00s
[2022.09.12-13.25.48:320][  0]LogModuleManager: Warning: ModuleManager: Unable to load module 'SequenceRecorderSections'  - 0 instances of that module name found.
[2022.09.12-13.25.48:321][  0]LogInit: Display: Engine is initialized. Leaving FEngineLoop::Init()
[2022.09.12-13.25.48:323][  0]SourceControl: 源码管理已禁用
[2022.09.12-13.25.48:323][  0]LogUnrealEdMisc: Loading editor; pre map load, took 6.058
[2022.09.12-13.25.48:323][  0]Cmd: MAP LOAD FILE="../../../../GITHUB/FinalDemo/MyDemo/Content/ThirdPersonBP/Maps/ThirdPersonExampleMap.umap" TEMPLATE=0 SHOWPROGRESS=1 FEATURELEVEL=3
[2022.09.12-13.25.48:323][  0]LightingResults: New page: 光照构建
[2022.09.12-13.25.48:324][  0]LogWorld: UWorld::CleanupWorld for Untitled, bSessionEnded=true, bCleanupResources=true
[2022.09.12-13.25.48:324][  0]LogSlate: InvalidateAllWidgets triggered.  All widgets were invalidated
[2022.09.12-13.25.48:324][  0]MapCheck: New page: 地图检测
[2022.09.12-13.25.48:324][  0]LightingResults: New page: 光照构建
[2022.09.12-13.25.48:329][  0]LogAudio: Display: Audio Device unregistered from world 'None'.
[2022.09.12-13.25.48:331][  0]LogUObjectHash: Compacting FUObjectHashTables data took   0.55ms
[2022.09.12-13.25.48:546][  0]LogAudio: Display: Audio Device (ID: 1) registered with world 'ThirdPersonExampleMap'.
[2022.09.12-13.25.48:547][  0]LogAIModule: Creating AISystem for world ThirdPersonExampleMap
[2022.09.12-13.25.48:563][  0]LogEditorServer: Finished looking for orphan Actors (0.000 secs)
[2022.09.12-13.25.48:571][  0]LogUObjectHash: Compacting FUObjectHashTables data took   0.49ms
[2022.09.12-13.25.48:571][  0]Cmd: MAP CHECKDEP NOCLEARLOG
[2022.09.12-13.25.48:571][  0]MapCheck: 地图检测完成：0个错误、0个警告、完成用时0.109毫秒。
[2022.09.12-13.25.48:571][  0]LogFileHelpers: Loading map 'ThirdPersonExampleMap' took 0.248
[2022.09.12-13.25.48:572][  0]LogUnrealEdMisc: Total Editor Startup Time, took 6.306
[2022.09.12-13.25.48:638][  0]LogWindowsTextInputMethodSystem: Display: IME system activated using TSF (微软拼音).
[2022.09.12-13.25.48:664][  0]LogSlate: Updating window title bar state: overlay mode, drag disabled, window buttons hidden, title bar hidden
[2022.09.12-13.25.48:667][  0]LogSlate: Updating window title bar state: overlay mode, drag disabled, window buttons hidden, title bar hidden
[2022.09.12-13.25.48:670][  0]LogSlate: Updating window title bar state: overlay mode, drag disabled, window buttons hidden, title bar hidden
[2022.09.12-13.25.48:674][  0]LogSlate: Updating window title bar state: overlay mode, drag disabled, window buttons hidden, title bar hidden
[2022.09.12-13.25.48:682][  0]LogNativeClassHierarchy: Verbose: Native class hierarchy populated in 0.0065 seconds. Added 3819 classes and 924 folders.
[2022.09.12-13.25.48:685][  0]LogNativeClassHierarchy: Verbose: Native class hierarchy updated for 'WidgetCarousel' in 0.0002 seconds. Added 0 classes and 0 folders.
[2022.09.12-13.25.48:686][  0]LogShaderLibrary: Display: ShaderCodeLibraryPakFileMountedCallback: PakFile 'C:/UnrealEngine/FeaturePacks/FP_FirstPerson.upack' (chunk index -1, root 'root:/') mounted
[2022.09.12-13.25.48:686][  0]LogShaderLibrary: Display: ShaderCodeLibraryPakFileMountedCallback: pending pak file info (ChunkID:-1 Root:root:/ File:C:/UnrealEngine/FeaturePacks/FP_FirstPerson.upack)
[2022.09.12-13.25.48:686][  0]LogPakFile: OnPakFileMounted2Time == 0.000046
[2022.09.12-13.25.48:686][  0]LogShaderLibrary: Display: ShaderCodeLibraryPakFileMountedCallback: PakFile 'C:/UnrealEngine/FeaturePacks/FP_FirstPersonBP.upack' (chunk index -1, root 'root:/') mounted
[2022.09.12-13.25.48:686][  0]LogShaderLibrary: Display: ShaderCodeLibraryPakFileMountedCallback: pending pak file info (ChunkID:-1 Root:root:/ File:C:/UnrealEngine/FeaturePacks/FP_FirstPersonBP.upack)
[2022.09.12-13.25.48:686][  0]LogPakFile: OnPakFileMounted2Time == 0.000047
[2022.09.12-13.25.48:687][  0]LogShaderLibrary: Display: ShaderCodeLibraryPakFileMountedCallback: PakFile 'C:/UnrealEngine/FeaturePacks/MobileStarterContent.upack' (chunk index -1, root 'root:/') mounted
[2022.09.12-13.25.48:687][  0]LogShaderLibrary: Display: ShaderCodeLibraryPakFileMountedCallback: pending pak file info (ChunkID:-1 Root:root:/ File:C:/UnrealEngine/FeaturePacks/MobileStarterContent.upack)
[2022.09.12-13.25.48:687][  0]LogPakFile: OnPakFileMounted2Time == 0.000028
[2022.09.12-13.25.48:687][  0]LogShaderLibrary: Display: ShaderCodeLibraryPakFileMountedCallback: PakFile 'C:/UnrealEngine/FeaturePacks/StarterContent.upack' (chunk index -1, root 'root:/') mounted
[2022.09.12-13.25.48:687][  0]LogShaderLibrary: Display: ShaderCodeLibraryPakFileMountedCallback: pending pak file info (ChunkID:-1 Root:root:/ File:C:/UnrealEngine/FeaturePacks/StarterContent.upack)
[2022.09.12-13.25.48:687][  0]LogPakFile: OnPakFileMounted2Time == 0.000023
[2022.09.12-13.25.48:687][  0]LogShaderLibrary: Display: ShaderCodeLibraryPakFileMountedCallback: PakFile 'C:/UnrealEngine/FeaturePacks/TP_2DSideScroller.upack' (chunk index -1, root 'root:/') mounted
[2022.09.12-13.25.48:687][  0]LogShaderLibrary: Display: ShaderCodeLibraryPakFileMountedCallback: pending pak file info (ChunkID:-1 Root:root:/ File:C:/UnrealEngine/FeaturePacks/TP_2DSideScroller.upack)
[2022.09.12-13.25.48:687][  0]LogPakFile: OnPakFileMounted2Time == 0.000019
[2022.09.12-13.25.48:687][  0]LogShaderLibrary: Display: ShaderCodeLibraryPakFileMountedCallback: PakFile 'C:/UnrealEngine/FeaturePacks/TP_2DSideScrollerBP.upack' (chunk index -1, root 'root:/') mounted
[2022.09.12-13.25.48:687][  0]LogShaderLibrary: Display: ShaderCodeLibraryPakFileMountedCallback: pending pak file info (ChunkID:-1 Root:root:/ File:C:/UnrealEngine/FeaturePacks/TP_2DSideScrollerBP.upack)
[2022.09.12-13.25.48:687][  0]LogPakFile: OnPakFileMounted2Time == 0.000018
[2022.09.12-13.25.48:687][  0]LogShaderLibrary: Display: ShaderCodeLibraryPakFileMountedCallback: PakFile 'C:/UnrealEngine/FeaturePacks/TP_Flying.upack' (chunk index -1, root 'root:/') mounted
[2022.09.12-13.25.48:687][  0]LogShaderLibrary: Display: ShaderCodeLibraryPakFileMountedCallback: pending pak file info (ChunkID:-1 Root:root:/ File:C:/UnrealEngine/FeaturePacks/TP_Flying.upack)
[2022.09.12-13.25.48:687][  0]LogPakFile: OnPakFileMounted2Time == 0.000018
[2022.09.12-13.25.48:688][  0]LogShaderLibrary: Display: ShaderCodeLibraryPakFileMountedCallback: PakFile 'C:/UnrealEngine/FeaturePacks/TP_FlyingBP.upack' (chunk index -1, root 'root:/') mounted
[2022.09.12-13.25.48:688][  0]LogShaderLibrary: Display: ShaderCodeLibraryPakFileMountedCallback: pending pak file info (ChunkID:-1 Root:root:/ File:C:/UnrealEngine/FeaturePacks/TP_FlyingBP.upack)
[2022.09.12-13.25.48:688][  0]LogPakFile: OnPakFileMounted2Time == 0.000021
[2022.09.12-13.25.48:688][  0]LogShaderLibrary: Display: ShaderCodeLibraryPakFileMountedCallback: PakFile 'C:/UnrealEngine/FeaturePacks/TP_Puzzle.upack' (chunk index -1, root 'root:/') mounted
[2022.09.12-13.25.48:688][  0]LogShaderLibrary: Display: ShaderCodeLibraryPakFileMountedCallback: pending pak file info (ChunkID:-1 Root:root:/ File:C:/UnrealEngine/FeaturePacks/TP_Puzzle.upack)
[2022.09.12-13.25.48:688][  0]LogPakFile: OnPakFileMounted2Time == 0.000019
[2022.09.12-13.25.48:688][  0]LogShaderLibrary: Display: ShaderCodeLibraryPakFileMountedCallback: PakFile 'C:/UnrealEngine/FeaturePacks/TP_PuzzleBP.upack' (chunk index -1, root 'root:/') mounted
[2022.09.12-13.25.48:688][  0]LogShaderLibrary: Display: ShaderCodeLibraryPakFileMountedCallback: pending pak file info (ChunkID:-1 Root:root:/ File:C:/UnrealEngine/FeaturePacks/TP_PuzzleBP.upack)
[2022.09.12-13.25.48:688][  0]LogPakFile: OnPakFileMounted2Time == 0.000018
[2022.09.12-13.25.48:688][  0]LogShaderLibrary: Display: ShaderCodeLibraryPakFileMountedCallback: PakFile 'C:/UnrealEngine/FeaturePacks/TP_Rolling.upack' (chunk index -1, root 'root:/') mounted
[2022.09.12-13.25.48:688][  0]LogShaderLibrary: Display: ShaderCodeLibraryPakFileMountedCallback: pending pak file info (ChunkID:-1 Root:root:/ File:C:/UnrealEngine/FeaturePacks/TP_Rolling.upack)
[2022.09.12-13.25.48:688][  0]LogPakFile: OnPakFileMounted2Time == 0.000018
[2022.09.12-13.25.48:688][  0]LogShaderLibrary: Display: ShaderCodeLibraryPakFileMountedCallback: PakFile 'C:/UnrealEngine/FeaturePacks/TP_RollingBP.upack' (chunk index -1, root 'root:/') mounted
[2022.09.12-13.25.48:688][  0]LogShaderLibrary: Display: ShaderCodeLibraryPakFileMountedCallback: pending pak file info (ChunkID:-1 Root:root:/ File:C:/UnrealEngine/FeaturePacks/TP_RollingBP.upack)
[2022.09.12-13.25.48:688][  0]LogPakFile: OnPakFileMounted2Time == 0.000020
[2022.09.12-13.25.48:689][  0]LogShaderLibrary: Display: ShaderCodeLibraryPakFileMountedCallback: PakFile 'C:/UnrealEngine/FeaturePacks/TP_SideScroller.upack' (chunk index -1, root 'root:/') mounted
[2022.09.12-13.25.48:689][  0]LogShaderLibrary: Display: ShaderCodeLibraryPakFileMountedCallback: pending pak file info (ChunkID:-1 Root:root:/ File:C:/UnrealEngine/FeaturePacks/TP_SideScroller.upack)
[2022.09.12-13.25.48:689][  0]LogPakFile: OnPakFileMounted2Time == 0.000022
[2022.09.12-13.25.48:689][  0]LogShaderLibrary: Display: ShaderCodeLibraryPakFileMountedCallback: PakFile 'C:/UnrealEngine/FeaturePacks/TP_SideScrollerBP.upack' (chunk index -1, root 'root:/') mounted
[2022.09.12-13.25.48:689][  0]LogShaderLibrary: Display: ShaderCodeLibraryPakFileMountedCallback: pending pak file info (ChunkID:-1 Root:root:/ File:C:/UnrealEngine/FeaturePacks/TP_SideScrollerBP.upack)
[2022.09.12-13.25.48:689][  0]LogPakFile: OnPakFileMounted2Time == 0.000019
[2022.09.12-13.25.48:689][  0]LogShaderLibrary: Display: ShaderCodeLibraryPakFileMountedCallback: PakFile 'C:/UnrealEngine/FeaturePacks/TP_ThirdPerson.upack' (chunk index -1, root 'root:/') mounted
[2022.09.12-13.25.48:689][  0]LogShaderLibrary: Display: ShaderCodeLibraryPakFileMountedCallback: pending pak file info (ChunkID:-1 Root:root:/ File:C:/UnrealEngine/FeaturePacks/TP_ThirdPerson.upack)
[2022.09.12-13.25.48:689][  0]LogPakFile: OnPakFileMounted2Time == 0.000022
[2022.09.12-13.25.48:689][  0]LogShaderLibrary: Display: ShaderCodeLibraryPakFileMountedCallback: PakFile 'C:/UnrealEngine/FeaturePacks/TP_ThirdPersonBP.upack' (chunk index -1, root 'root:/') mounted
[2022.09.12-13.25.48:689][  0]LogShaderLibrary: Display: ShaderCodeLibraryPakFileMountedCallback: pending pak file info (ChunkID:-1 Root:root:/ File:C:/UnrealEngine/FeaturePacks/TP_ThirdPersonBP.upack)
[2022.09.12-13.25.48:689][  0]LogPakFile: OnPakFileMounted2Time == 0.000018
[2022.09.12-13.25.48:690][  0]LogShaderLibrary: Display: ShaderCodeLibraryPakFileMountedCallback: PakFile 'C:/UnrealEngine/FeaturePacks/TP_TopDown.upack' (chunk index -1, root 'root:/') mounted
[2022.09.12-13.25.48:690][  0]LogShaderLibrary: Display: ShaderCodeLibraryPakFileMountedCallback: pending pak file info (ChunkID:-1 Root:root:/ File:C:/UnrealEngine/FeaturePacks/TP_TopDown.upack)
[2022.09.12-13.25.48:690][  0]LogPakFile: OnPakFileMounted2Time == 0.000021
[2022.09.12-13.25.48:690][  0]LogShaderLibrary: Display: ShaderCodeLibraryPakFileMountedCallback: PakFile 'C:/UnrealEngine/FeaturePacks/TP_TopDownBP.upack' (chunk index -1, root 'root:/') mounted
[2022.09.12-13.25.48:690][  0]LogShaderLibrary: Display: ShaderCodeLibraryPakFileMountedCallback: pending pak file info (ChunkID:-1 Root:root:/ File:C:/UnrealEngine/FeaturePacks/TP_TopDownBP.upack)
[2022.09.12-13.25.48:690][  0]LogPakFile: OnPakFileMounted2Time == 0.000021
[2022.09.12-13.25.48:690][  0]LogShaderLibrary: Display: ShaderCodeLibraryPakFileMountedCallback: PakFile 'C:/UnrealEngine/FeaturePacks/TP_TwinStick.upack' (chunk index -1, root 'root:/') mounted
[2022.09.12-13.25.48:690][  0]LogShaderLibrary: Display: ShaderCodeLibraryPakFileMountedCallback: pending pak file info (ChunkID:-1 Root:root:/ File:C:/UnrealEngine/FeaturePacks/TP_TwinStick.upack)
[2022.09.12-13.25.48:690][  0]LogPakFile: OnPakFileMounted2Time == 0.000017
[2022.09.12-13.25.48:690][  0]LogShaderLibrary: Display: ShaderCodeLibraryPakFileMountedCallback: PakFile 'C:/UnrealEngine/FeaturePacks/TP_TwinStickBP.upack' (chunk index -1, root 'root:/') mounted
[2022.09.12-13.25.48:690][  0]LogShaderLibrary: Display: ShaderCodeLibraryPakFileMountedCallback: pending pak file info (ChunkID:-1 Root:root:/ File:C:/UnrealEngine/FeaturePacks/TP_TwinStickBP.upack)
[2022.09.12-13.25.48:690][  0]LogPakFile: OnPakFileMounted2Time == 0.000017
[2022.09.12-13.25.48:690][  0]LogShaderLibrary: Display: ShaderCodeLibraryPakFileMountedCallback: PakFile 'C:/UnrealEngine/FeaturePacks/TP_Vehicle.upack' (chunk index -1, root 'root:/') mounted
[2022.09.12-13.25.48:690][  0]LogShaderLibrary: Display: ShaderCodeLibraryPakFileMountedCallback: pending pak file info (ChunkID:-1 Root:root:/ File:C:/UnrealEngine/FeaturePacks/TP_Vehicle.upack)
[2022.09.12-13.25.48:690][  0]LogPakFile: OnPakFileMounted2Time == 0.000021
[2022.09.12-13.25.48:691][  0]LogShaderLibrary: Display: ShaderCodeLibraryPakFileMountedCallback: PakFile 'C:/UnrealEngine/FeaturePacks/TP_VehicleAdv.upack' (chunk index -1, root 'root:/') mounted
[2022.09.12-13.25.48:691][  0]LogShaderLibrary: Display: ShaderCodeLibraryPakFileMountedCallback: pending pak file info (ChunkID:-1 Root:root:/ File:C:/UnrealEngine/FeaturePacks/TP_VehicleAdv.upack)
[2022.09.12-13.25.48:691][  0]LogPakFile: OnPakFileMounted2Time == 0.000041
[2022.09.12-13.25.48:691][  0]LogShaderLibrary: Display: ShaderCodeLibraryPakFileMountedCallback: PakFile 'C:/UnrealEngine/FeaturePacks/TP_VehicleAdvBP.upack' (chunk index -1, root 'root:/') mounted
[2022.09.12-13.25.48:691][  0]LogShaderLibrary: Display: ShaderCodeLibraryPakFileMountedCallback: pending pak file info (ChunkID:-1 Root:root:/ File:C:/UnrealEngine/FeaturePacks/TP_VehicleAdvBP.upack)
[2022.09.12-13.25.48:691][  0]LogPakFile: OnPakFileMounted2Time == 0.000025
[2022.09.12-13.25.48:691][  0]LogShaderLibrary: Display: ShaderCodeLibraryPakFileMountedCallback: PakFile 'C:/UnrealEngine/FeaturePacks/TP_VehicleBP.upack' (chunk index -1, root 'root:/') mounted
[2022.09.12-13.25.48:691][  0]LogShaderLibrary: Display: ShaderCodeLibraryPakFileMountedCallback: pending pak file info (ChunkID:-1 Root:root:/ File:C:/UnrealEngine/FeaturePacks/TP_VehicleBP.upack)
[2022.09.12-13.25.48:691][  0]LogPakFile: OnPakFileMounted2Time == 0.000020
[2022.09.12-13.25.48:691][  0]LogPakFile: PakFile PrimaryIndexSize=192
[2022.09.12-13.25.48:691][  0]LogPakFile: PakFile PathHashIndexSize=101
[2022.09.12-13.25.48:691][  0]LogPakFile: PakFile FullDirectoryIndexSize=158
[2022.09.12-13.25.48:691][  0]LogShaderLibrary: Display: ShaderCodeLibraryPakFileMountedCallback: PakFile 'C:/UnrealEngine/FeaturePacks/TP_VirtualRealityBP.upack' (chunk index -1, root 'root:/') mounted
[2022.09.12-13.25.48:691][  0]LogShaderLibrary: Display: ShaderCodeLibraryPakFileMountedCallback: pending pak file info (ChunkID:-1 Root:root:/ File:C:/UnrealEngine/FeaturePacks/TP_VirtualRealityBP.upack)
[2022.09.12-13.25.48:691][  0]LogPakFile: OnPakFileMounted2Time == 0.000018
[2022.09.12-13.25.48:708][  0]LogNativeClassHierarchy: Verbose: Native class hierarchy updated for 'AddContentDialog' in 0.0002 seconds. Added 0 classes and 0 folders.
[2022.09.12-13.25.48:709][  0]LogNativeClassHierarchy: Verbose: Native class hierarchy updated for 'SceneOutliner' in 0.0002 seconds. Added 2 classes and 0 folders.
[2022.09.12-13.25.48:727][  0]LogSlate: Took 0.000121 seconds to synchronously load lazily loaded font '../../../Engine/Content/Slate/Fonts/Roboto-Regular.ttf' (155K)
[2022.09.12-13.25.48:728][  0]LogSlate: Took 0.000105 seconds to synchronously load lazily loaded font '../../../Engine/Content/Editor/Slate/Fonts/FontAwesome.ttf' (139K)
[2022.09.12-13.25.48:729][  0]LogSlate: Took 0.000744 seconds to synchronously load lazily loaded font '../../../Engine/Content/Slate/Fonts/DroidSansFallback.ttf' (3848K)
[2022.09.12-13.25.48:729][  0]LogSlate: Took 0.000064 seconds to synchronously load lazily loaded font '../../../Engine/Content/Slate/Fonts/Roboto-Bold.ttf' (160K)
[2022.09.12-13.25.48:775][  0]LogRenderer: Reallocating scene render targets to support 1072x444 Format 10 NumSamples 1 (Frame:1).
[2022.09.12-13.25.49:070][  0]LogNativeClassHierarchy: Verbose: Native class hierarchy updated for 'HierarchicalLODOutliner' in 0.0002 seconds. Added 0 classes and 0 folders.
[2022.09.12-13.25.49:070][  0]LogInput: Warning: Action Jump uses invalid key OculusGo_Left_Trigger_Click.
[2022.09.12-13.25.49:070][  0]LogInput: Warning: Action ResetVR uses invalid key OculusGo_Left_Trackpad_Click.
[2022.09.12-13.25.49:070][  0]LogInput: Warning: Use -RemoveInvalidKeys to remove instances of these keys from the action mapping.
[2022.09.12-13.25.49:070][  0]LogLoad: (Engine Initialization) Total time: 6.80 seconds
[2022.09.12-13.25.49:070][  0]LogLoad: (Engine Initialization) Total Blueprint compile time: 0.00 seconds
[2022.09.12-13.25.49:108][  0]LogAssetRegistry: Asset discovery search completed in 5.0593 seconds
[2022.09.12-13.25.49:111][  0]LogCollectionManager: Fixed up redirectors for 0 collections in 0.000003 seconds (updated 0 objects)
[2022.09.12-13.25.49:112][  0]LogContentStreaming: Texture pool size now 1000 MB
[2022.09.12-13.25.57:949][507]LogSlate: Took 0.000121 seconds to synchronously load lazily loaded font '../../../Engine/Content/Slate/Fonts/Roboto-Light.ttf' (167K)
[2022.09.12-13.25.57:970][507]LogUObjectHash: Compacting FUObjectHashTables data took   0.40ms
[2022.09.12-13.25.57:995][507]LogSavePackage: Moving '../../../../GITHUB/FinalDemo/MyDemo/Saved/ThirdPersonExampleMap40A146224AD1784143CA7D89836988EC.tmp' to '../../../../GITHUB/FinalDemo/MyDemo/Content/ThirdPersonBP/Maps/ThirdPersonExampleMap.umap'
[2022.09.12-13.25.58:065][507]LogSavePackage: Moving '../../../../GITHUB/FinalDemo/MyDemo/Saved/ThirdPersonExampleMap_BuiltDataDAA82FC140B2BA9652258B8D8CCF79BB.tmp' to '../../../../GITHUB/FinalDemo/MyDemo/Content/ThirdPersonBP/Maps/ThirdPersonExampleMap_BuiltData.uasset'
[2022.09.12-13.25.58:087][507]AssetCheck: New page: 资产保存：多个资产
[2022.09.12-13.25.58:087][507]LogContentValidation: Display: 正在验证MapBuildDataRegistry /Game/ThirdPersonBP/Maps/ThirdPersonExampleMap_BuiltData.ThirdPersonExampleMap_BuiltData
[2022.09.12-13.25.58:087][507]LogContentValidation: Display: 正在验证World /Game/ThirdPersonBP/Maps/ThirdPersonExampleMap.ThirdPersonExampleMap
