Log file open, 09/12/22 16:19:44
LogWindows: Failed to load 'aqProf.dll' (GetLastError=126)
LogWindows: File 'aqProf.dll' does not exist
LogWindows: Failed to load 'VtuneApi.dll' (GetLastError=126)
LogWindows: File 'VtuneApi.dll' does not exist
LogWindows: Failed to load 'VtuneApi32e.dll' (GetLastError=126)
LogWindows: File 'VtuneApi32e.dll' does not exist
LogConsoleResponse: Display: Failed to find resolution value strings in scalability ini. Falling back to default.
LogConsoleResponse: Display: Failed to find resolution value strings in scalability ini. Falling back to default.
LogInit: Display: Running engine for game: MyDemo
LogPlatformFile: Not using cached read wrapper
LogTaskGraph: Started task graph with 5 named threads and 59 total threads with 3 sets of task threads.
LogStats: Stats thread started at 0.102663
LogICUInternationalization: ICU TimeZone Detection - Raw Offset: -8:00, Platform Override: ''
LogInit: Display: Loading text-based GConfig....
LogPluginManager: Mounting plugin MeshPainting
LogPluginManager: Mounting plugin XGEController
LogPluginManager: Mounting plugin Paper2D
LogPluginManager: Mounting plugin EnvironmentQueryEditor
LogPluginManager: Mounting plugin LightPropagationVolume
LogPluginManager: Mounting plugin AISupport
LogPluginManager: Mounting plugin CameraShakePreviewer
LogPluginManager: Mounting plugin GameplayCameras
LogPluginManager: Mounting plugin LiveLink
LogPluginManager: Mounting plugin AnimationSharing
LogPluginManager: Mounting plugin CLionSourceCodeAccess
LogPluginManager: Mounting plugin CodeLiteSourceCodeAccess
LogPluginManager: Mounting plugin GitSourceControl
LogPluginManager: Mounting plugin NullSourceCodeAccess
LogPluginManager: Mounting plugin PerforceSourceControl
LogPluginManager: Mounting plugin PixWinPlugin
LogPluginManager: Mounting plugin KDevelopSourceCodeAccess
LogPluginManager: Mounting plugin PluginUtils
LogPluginManager: Mounting plugin PlasticSourceControl
LogPluginManager: Mounting plugin RiderSourceCodeAccess
LogPluginManager: Mounting plugin PropertyAccessNode
LogPluginManager: Mounting plugin TextureFormatOodle
LogPluginManager: Mounting plugin UObjectPlugin
LogPluginManager: Mounting plugin VisualStudioCodeSourceCodeAccess
LogPluginManager: Mounting plugin SubversionSourceControl
LogPluginManager: Mounting plugin OodleNetwork
LogPluginManager: Mounting plugin OodleData
LogPluginManager: Mounting plugin XCodeSourceCodeAccess
LogPluginManager: Mounting plugin VisualStudioSourceCodeAccess
LogPluginManager: Mounting plugin Niagara
LogPluginManager: Mounting plugin AlembicImporter
LogPluginManager: Mounting plugin AutomationUtils
LogPluginManager: Mounting plugin ChaosCloth
LogPluginManager: Mounting plugin BackChannel
LogPluginManager: Mounting plugin ChaosEditor
LogPluginManager: Mounting plugin ChaosNiagara
LogPluginManager: Mounting plugin CharacterAI
LogPluginManager: Mounting plugin ChaosSolverPlugin
LogPluginManager: Mounting plugin GeometryCache
LogPluginManager: Mounting plugin ChaosClothEditor
LogPluginManager: Mounting plugin GeometryCollectionPlugin
LogPluginManager: Mounting plugin DatasmithContent
LogPluginManager: Mounting plugin VariantManagerContent
LogPluginManager: Mounting plugin GeometryProcessing
LogPluginManager: Mounting plugin OpenImageDenoise
LogPluginManager: Mounting plugin MotoSynth
LogPluginManager: Mounting plugin PlanarCut
LogPluginManager: Mounting plugin ProxyLODPlugin
LogPluginManager: Mounting plugin MagicLeap
LogPluginManager: Mounting plugin LuminPlatformFeatures
LogPluginManager: Mounting plugin MagicLeapLightEstimation
LogPluginManager: Mounting plugin MagicLeapMedia
LogPluginManager: Mounting plugin PlatformCrypto
LogPluginManager: Mounting plugin PythonScriptPlugin
LogPluginManager: Mounting plugin MagicLeapPassableWorld
LogPluginManager: Mounting plugin MLSDK
LogPluginManager: Mounting plugin TcpMessaging
LogPluginManager: Mounting plugin UdpMessaging
LogPluginManager: Mounting plugin SkeletalReduction
LogPluginManager: Mounting plugin ActorSequence
LogPluginManager: Mounting plugin MatineeToLevelSequence
LogPluginManager: Mounting plugin TemplateSequence
LogPluginManager: Mounting plugin OnlineSubsystem
LogPluginManager: Mounting plugin OnlineSubsystemUtils
LogPluginManager: Mounting plugin LevelSequenceEditor
LogPluginManager: Mounting plugin OnlineSubsystemNull
LogPluginManager: Mounting plugin AndroidMedia
LogPluginManager: Mounting plugin AvfMedia
LogPluginManager: Mounting plugin MediaCompositing
LogPluginManager: Mounting plugin ImgMedia
LogPluginManager: Mounting plugin MediaPlayerEditor
LogPluginManager: Mounting plugin WebMMedia
LogPluginManager: Mounting plugin WmfMedia
LogPluginManager: Mounting plugin ActorLayerUtilities
LogPluginManager: Mounting plugin LauncherChunkInstaller
LogPluginManager: Mounting plugin AndroidMoviePlayer
LogPluginManager: Mounting plugin AndroidDeviceProfileSelector
LogPluginManager: Mounting plugin AudioCapture
LogPluginManager: Mounting plugin AndroidPermission
LogPluginManager: Mounting plugin AppleImageUtils
LogPluginManager: Mounting plugin AudioSynesthesia
LogPluginManager: Mounting plugin AssetTags
LogPluginManager: Mounting plugin ArchVisCharacter
LogPluginManager: Mounting plugin CableComponent
LogPluginManager: Mounting plugin CustomMeshComponent
LogPluginManager: Mounting plugin ChunkDownloader
LogPluginManager: Mounting plugin EditableMesh
LogPluginManager: Mounting plugin GoogleCloudMessaging
LogPluginManager: Mounting plugin ExampleDeviceProfileSelector
LogPluginManager: Mounting plugin GooglePAD
LogPluginManager: Mounting plugin IOSDeviceProfileSelector
LogPluginManager: Mounting plugin LinuxDeviceProfileSelector
LogPluginManager: Mounting plugin LocationServicesBPLibrary
LogPluginManager: Mounting plugin MobilePatchingUtils
LogPluginManager: Mounting plugin AppleMoviePlayer
LogPluginManager: Mounting plugin OpenXR
LogPluginManager: Mounting plugin OpenXREyeTracker
LogPluginManager: Mounting plugin OpenXRHandTracking
LogPluginManager: Mounting plugin PhysXVehicles
LogPluginManager: Mounting plugin PostSplashScreen
LogPluginManager: Mounting plugin ProceduralMeshComponent
LogPluginManager: Mounting plugin PropertyAccessEditor
LogPluginManager: Mounting plugin SignificanceManager
LogPluginManager: Mounting plugin SoundFields
LogPluginManager: Mounting plugin RuntimePhysXCooking
LogPluginManager: Mounting plugin ScreenshotTools
LogPluginManager: Mounting plugin Synthesis
LogPluginManager: Mounting plugin WebMMoviePlayer
LogPluginManager: Mounting plugin WindowsMoviePlayer
LogPluginManager: Mounting plugin Takes
LogPluginManager: Mounting plugin AssetManagerEditor
LogPluginManager: Mounting plugin DataValidation
LogPluginManager: Mounting plugin CryptoKeys
LogPluginManager: Mounting plugin FacialAnimation
LogPluginManager: Mounting plugin CurveEditorTools
LogPluginManager: Mounting plugin GeometryMode
LogPluginManager: Mounting plugin MacGraphicsSwitching
LogPluginManager: Mounting plugin GameplayTagsEditor
LogPluginManager: Mounting plugin MaterialAnalyzer
LogPluginManager: Mounting plugin PluginBrowser
LogPluginManager: Mounting plugin MobileLauncherProfileWizard
LogPluginManager: Mounting plugin SpeedTreeImporter
LogPluginManager: Mounting plugin OnlineSubsystemGooglePlay
LogPluginManager: Mounting plugin OnlineSubsystemIOS
LogPluginManager: Mounting plugin OculusVR
LogPluginManager: Mounting plugin SteamVR
LogPluginManager: Mounting plugin ContentBrowserAssetDataSource
LogPluginManager: Mounting plugin ContentBrowserClassDataSource
LogPluginManager: Mounting plugin ContentBrowserFileDataSource
LogPluginManager: Mounting plugin AdvancedSessions
LogInit: Warning: Incompatible or missing module: AdvancedSessions
Running C:/UnrealEngine/Engine/Binaries/DotNET/UnrealBuildTool.exe Development Win64 -Project="C:/GITHUB/FinalDemo/MyDemo/MyDemo.uproject" -TargetType=Editor -Progress -NoEngineChanges -NoHotReloadFromIDE
Using 'git status' to determine working set for adaptive non-unity build (C:\UnrealEngine).
Using 'git status' to determine working set for adaptive non-unity build (C:\GITHUB\FinalDemo).
Invalidating makefile for UE4Editor (Definitions.AdvancedSessions.h deleted)
@progress push 5%
@progress push 5%
@progress pop
Parsing headers for UE4Editor
  Running UnrealHeaderTool "C:\GITHUB\FinalDemo\MyDemo\MyDemo.uproject" "C:\GITHUB\FinalDemo\MyDemo\Intermediate\Build\Win64\UE4Editor\Development\UE4Editor.uhtmanifest" -LogCmds="loginit warning, logexit warning, logdatabase error" -Unattended -WarningsAsErrors -abslog="C:\UnrealEngine\Engine\Programs\UnrealBuildTool\Log_UHT.txt"
LogInit: Display: Loading text-based GConfig....
Reflection code generated for UE4Editor in 4.1392592 seconds
@progress pop
ERROR: Building would modify the following engine files:
       
       C:\UnrealEngine\Engine\Binaries\Win64\Android\UE4Editor.modules
       C:\UnrealEngine\Engine\Binaries\Win64\IOS\UE4Editor.modules
       C:\UnrealEngine\Engine\Binaries\Win64\Lumin\UE4Editor.modules
       C:\UnrealEngine\Engine\Binaries\Win64\UE4Editor.modules
       C:\UnrealEngine\Engine\Plugins\2D\Paper2D\Binaries\Win64\UE4Editor.modules
       C:\UnrealEngine\Engine\Plugins\AI\AISupport\Binaries\Win64\UE4Editor.modules
       C:\UnrealEngine\Engine\Plugins\AI\EnvironmentQueryEditor\Binaries\Win64\UE4Editor.modules
       C:\UnrealEngine\Engine\Plugins\AI\HTNPlanner\Binaries\Win64\UE4Editor.modules
       C:\UnrealEngine\Engine\Plugins\AI\UE4ML\Binaries\Win64\UE4Editor.modules
       C:\UnrealEngine\Engine\Plugins\Animation\GameplayInsights\Binaries\Win64\UE4Editor.modules
       C:\UnrealEngine\Engine\Plugins\Animation\LiveLink\Binaries\Win64\UE4Editor.modules
       C:\UnrealEngine\Engine\Plugins\Animation\LiveLinkCurveDebugUI\Binaries\Win64\UE4Editor.modules
       C:\UnrealEngine\Engine\Plugins\Animation\RigLogic\Binaries\Win64\UE4Editor.modules
       C:\UnrealEngine\Engine\Plugins\Blendables\LightPropagationVolume\Binaries\Win64\UE4Editor.modules
       C:\UnrealEngine\Engine\Plugins\BlueprintFileUtils\Binaries\Win64\UE4Editor.modules
       C:\UnrealEngine\Engine\Plugins\Cameras\CameraShakePreviewer\Binaries\Win64\UE4Editor.modules
       C:\UnrealEngine\Engine\Plugins\Cameras\GameplayCameras\Binaries\Win64\UE4Editor.modules
       C:\UnrealEngine\Engine\Plugins\Compositing\Composure\Binaries\Win64\UE4Editor.modules
       C:\UnrealEngine\Engine\Plugins\Compositing\LensDistortion\Binaries\Win64\UE4Editor.modules
       C:\UnrealEngine\Engine\Plugins\Compositing\OpenColorIO\Binaries\Win64\UE4Editor.modules
       C:\UnrealEngine\Engine\Plugins\Compositing\OpenCVLensDistortion\Binaries\Win64\UE4Editor.modules
       C:\UnrealEngine\Engine\Plugins\Compression\OodleData\Binaries\Win64\UE4Editor.modules
       C:\UnrealEngine\Engine\Plugins\Compression\OodleNetwork\Binaries\Win64\UE4Editor.modules
       C:\UnrealEngine\Engine\Plugins\Developer\AnimationSharing\Binaries\Win64\UE4Editor.modules
       C:\UnrealEngine\Engine\Plugins\Developer\BlankPlugin\Binaries\Win64\UE4Editor.modules
       C:\UnrealEngine\Engine\Plugins\Developer\CLionSourceCodeAccess\Binaries\Win64\UE4Editor.modules
       C:\UnrealEngine\Engine\Plugins\Developer\Concert\ConcertMain\Binaries\Win64\UE4Editor.modules
       C:\UnrealEngine\Engine\Plugins\Developer\Concert\ConcertSync\ConcertSyncClient\Binaries\Win64\UE4Editor.modules
       C:\UnrealEngine\Engine\Plugins\Developer\Concert\ConcertSync\ConcertSyncCore\Binaries\Win64\UE4Editor.modules
       C:\UnrealEngine\Engine\Plugins\Developer\Concert\ConcertSync\ConcertSyncServer\Binaries\Win64\UE4Editor.modules
       C:\UnrealEngine\Engine\Plugins\Developer\Concert\ConcertSync\ConcertSyncTest\Binaries\Win64\UE4Editor.modules
       C:\UnrealEngine\Engine\Plugins\Developer\Concert\DisasterRecoveryClient\Binaries\Win64\UE4Editor.modules
       C:\UnrealEngine\Engine\Plugins\Developer\Concert\MultiUserClient\Binaries\Win64\UE4Editor.modules
       C:\UnrealEngine\Engine\Plugins\Developer\GitSourceControl\Binaries\Win64\UE4Editor.modules
       C:\UnrealEngine\Engine\Plugins\Developer\OneSkyLocalizationService\Binaries\Win64\UE4Editor.modules
       C:\UnrealEngine\Engine\Plugins\Developer\PerforceSourceControl\Binaries\Win64\UE4Editor.modules
       C:\UnrealEngine\Engine\Plugins\Developer\PixWinPlugin\Binaries\Win64\UE4Editor.modules
       C:\UnrealEngine\Engine\Plugins\Developer\PlasticSourceControl\Binaries\Win64\UE4Editor.modules
       C:\UnrealEngine\Engine\Plugins\Developer\PluginUtils\Binaries\Win64\UE4Editor.modules
       C:\UnrealEngine\Engine\Plugins\Developer\PropertyAccessNode\Binaries\Win64\UE4Editor.modules
       C:\UnrealEngine\Engine\Plugins\Developer\RenderDocPlugin\Binaries\Win64\UE4Editor.modules
       C:\UnrealEngine\Engine\Plugins\Developer\RiderSourceCodeAccess\Binaries\Win64\UE4Editor.modules
       C:\UnrealEngine\Engine\Plugins\Developer\SubversionSourceControl\Binaries\Win64\UE4Editor.modules
       C:\UnrealEngine\Engine\Plugins\Developer\TextureFormatOodle\Binaries\Win64\UE4Editor.modules
       C:\UnrealEngine\Engine\Plugins\Developer\TraceDataFiltering\Binaries\Win64\UE4Editor.modules
       C:\UnrealEngine\Engine\Plugins\Developer\TraceSourceFiltering\Binaries\Win64\UE4Editor.modules
       C:\UnrealEngine\Engine\Plugins\Developer\UObjectPlugin\Binaries\Win64\UE4Editor.modules
       C:\UnrealEngine\Engine\Plugins\Developer\VisualStudioCodeSourceCodeAccess\Binaries\Win64\UE4Editor.modules
       C:\UnrealEngine\Engine\Plugins\Developer\VisualStudioSourceCodeAccess\Binaries\Win64\UE4Editor.modules
       C:\UnrealEngine\Engine\Plugins\Editor\AssetManagerEditor\Binaries\Win64\UE4Editor.modules
       C:\UnrealEngine\Engine\Plugins\Editor\AssetSearch\Binaries\Win64\UE4Editor.modules
       C:\UnrealEngine\Engine\Plugins\Editor\BlueprintMaterialTextureNodes\Binaries\Win64\UE4Editor.modules
       C:\UnrealEngine\Engine\Plugins\Editor\ContentBrowser\ContentBrowserAssetDataSource\Binaries\Win64\UE4Editor.modules
       C:\UnrealEngine\Engine\Plugins\Editor\ContentBrowser\ContentBrowserClassDataSource\Binaries\Win64\UE4Editor.modules
       C:\UnrealEngine\Engine\Plugins\Editor\ContentBrowser\ContentBrowserFileDataSource\Binaries\Win64\UE4Editor.modules
       C:\UnrealEngine\Engine\Plugins\Editor\CryptoKeys\Binaries\Win64\UE4Editor.modules
       C:\UnrealEngine\Engine\Plugins\Editor\CurveEditorTools\Binaries\Win64\UE4Editor.modules
       C:\UnrealEngine\Engine\Plugins\Editor\DataValidation\Binaries\Win64\UE4Editor.modules
       C:\UnrealEngine\Engine\Plugins\Editor\EditorScriptingUtilities\Binaries\Win64\UE4Editor.modules
       C:\UnrealEngine\Engine\Plugins\Editor\FacialAnimation\Binaries\Win64\UE4Editor.modules
       C:\UnrealEngine\Engine\Plugins\Editor\GameplayTagsEditor\Binaries\Win64\UE4Editor.modules
       C:\UnrealEngine\Engine\Plugins\Editor\GeometryMode\Binaries\Win64\UE4Editor.modules
       C:\UnrealEngine\Engine\Plugins\Editor\GLTFImporter\Binaries\Win64\UE4Editor.modules
       C:\UnrealEngine\Engine\Plugins\Editor\MaterialAnalyzer\Binaries\Win64\UE4Editor.modules
       C:\UnrealEngine\Engine\Plugins\Editor\MeshEditor\Binaries\Win64\UE4Editor.modules
       C:\UnrealEngine\Engine\Plugins\Editor\MobileLauncherProfileWizard\Binaries\Win64\UE4Editor.modules
       C:\UnrealEngine\Engine\Plugins\Editor\PluginBrowser\Binaries\Win64\UE4Editor.modules
       C:\UnrealEngine\Engine\Plugins\Editor\SpeedTreeImporter\Binaries\Win64\UE4Editor.modules
       C:\UnrealEngine\Engine\Plugins\Editor\StylusInput\Binaries\Win64\UE4Editor.modules
       C:\UnrealEngine\Engine\Plugins\Enterprise\AxFImporter\Binaries\Win64\UE4Editor.modules
       C:\UnrealEngine\Engine\Plugins\Enterprise\DataprepEditor\Binaries\Win64\UE4Editor.modules
       C:\UnrealEngine\Engine\Plugins\Enterprise\DatasmithC4DImporter\Binaries\Win64\UE4Editor.modules
       C:\UnrealEngine\Engine\Plugins\Enterprise\DatasmithCADImporter\Binaries\Win64\UE4Editor.modules
       C:\UnrealEngine\Engine\Plugins\Enterprise\DatasmithContent\Binaries\Win64\UE4Editor.modules
       C:\UnrealEngine\Engine\Plugins\Enterprise\DatasmithFBXImporter\Binaries\Win64\UE4Editor.modules
       C:\UnrealEngine\Engine\Plugins\Enterprise\DatasmithGLTFImporter\Binaries\Win64\UE4Editor.modules
       C:\UnrealEngine\Engine\Plugins\Enterprise\DatasmithIFCImporter\Binaries\Win64\UE4Editor.modules
       C:\UnrealEngine\Engine\Plugins\Enterprise\DatasmithImporter\Binaries\Win64\UE4Editor.modules
       C:\UnrealEngine\Engine\Plugins\Enterprise\LidarPointCloud\Binaries\Win64\UE4Editor.modules
       C:\UnrealEngine\Engine\Plugins\Enterprise\MDLImporter\Binaries\Win64\UE4Editor.modules
       C:\UnrealEngine\Engine\Plugins\Enterprise\StaticMeshEditorExtension\Binaries\Win64\UE4Editor.modules
       C:\UnrealEngine\Engine\Plugins\Enterprise\VariantManager\Binaries\Win64\UE4Editor.modules
       C:\UnrealEngine\Engine\Plugins\Enterprise\VariantManagerContent\Binaries\Win64\UE4Editor.modules
       C:\UnrealEngine\Engine\Plugins\Experimental\ActorPalette\Binaries\Win64\UE4Editor.modules
       C:\UnrealEngine\Engine\Plugins\Experimental\AlembicImporter\Binaries\Win64\UE4Editor.modules
       C:\UnrealEngine\Engine\Plugins\Experimental\AppleVision\Binaries\Win64\UE4Editor.modules
       C:\UnrealEngine\Engine\Plugins\Experimental\AR\PointCloud\Binaries\Win64\UE4Editor.modules
       C:\UnrealEngine\Engine\Plugins\Experimental\AutomationUtils\Binaries\Win64\UE4Editor.modules
       C:\UnrealEngine\Engine\Plugins\Experimental\BackChannel\Binaries\Win64\UE4Editor.modules
       C:\UnrealEngine\Engine\Plugins\Experimental\BlastPlugin\Binaries\Win64\UE4Editor.modules
       C:\UnrealEngine\Engine\Plugins\Experimental\BlueprintStats\Binaries\Win64\UE4Editor.modules
       C:\UnrealEngine\Engine\Plugins\Experimental\ChaosCaching\Binaries\Win64\UE4Editor.modules
       C:\UnrealEngine\Engine\Plugins\Experimental\ChaosCloth\Binaries\Win64\UE4Editor.modules
       C:\UnrealEngine\Engine\Plugins\Experimental\ChaosClothEditor\Binaries\Win64\UE4Editor.modules
       C:\UnrealEngine\Engine\Plugins\Experimental\ChaosEditor\Binaries\Win64\UE4Editor.modules
       C:\UnrealEngine\Engine\Plugins\Experimental\ChaosNiagara\Binaries\Win64\UE4Editor.modules
       C:\UnrealEngine\Engine\Plugins\Experimental\ChaosSolverPlugin\Binaries\Win64\UE4Editor.modules
       C:\UnrealEngine\Engine\Plugins\Experimental\ChaosVehiclesPlugin\Binaries\Win64\UE4Editor.modules
       C:\UnrealEngine\Engine\Plugins\Experimental\CharacterAI\Binaries\Win64\UE4Editor.modules
       C:\UnrealEngine\Engine\Plugins\Experimental\CodeEditor\Binaries\Win64\UE4Editor.modules
       C:\UnrealEngine\Engine\Plugins\Experimental\CodeView\Binaries\Win64\UE4Editor.modules
       C:\UnrealEngine\Engine\Plugins\Experimental\ColorCorrectRegions\Binaries\Win64\UE4Editor.modules
       C:\UnrealEngine\Engine\Plugins\Experimental\CommonConversation\Binaries\Win64\UE4Editor.modules
       C:\UnrealEngine\Engine\Plugins\Experimental\CommonUI\Binaries\Win64\UE4Editor.modules
       C:\UnrealEngine\Engine\Plugins\Experimental\ControlRig\Binaries\Win64\UE4Editor.modules
       C:\UnrealEngine\Engine\Plugins\Experimental\EnhancedInput\Binaries\Win64\UE4Editor.modules
       C:\UnrealEngine\Engine\Plugins\Experimental\Enterprise\DataprepGeometryOperations\Binaries\Win64\UE4Editor.modules
       C:\UnrealEngine\Engine\Plugins\Experimental\Enterprise\DatasmithRuntime\Binaries\Win64\UE4Editor.modules
       C:\UnrealEngine\Engine\Plugins\Experimental\ExampleAssetEditor\Binaries\Win64\UE4Editor.modules
       C:\UnrealEngine\Engine\Plugins\Experimental\FieldSystemPlugin\Binaries\Win64\UE4Editor.modules
       C:\UnrealEngine\Engine\Plugins\Experimental\FullBodyIK\Binaries\Win64\UE4Editor.modules
       C:\UnrealEngine\Engine\Plugins\Experimental\GameFeatures\Binaries\Win64\UE4Editor.modules
       C:\UnrealEngine\Engine\Plugins\Experimental\Gauntlet\Binaries\Win64\UE4Editor.modules
       C:\UnrealEngine\Engine\Plugins\Experimental\GeometryCache\Binaries\Win64\UE4Editor.modules
       C:\UnrealEngine\Engine\Plugins\Experimental\GeometryCacheAbcFile\Binaries\Win64\UE4Editor.modules
       C:\UnrealEngine\Engine\Plugins\Experimental\GeometryCollectionPlugin\Binaries\Win64\UE4Editor.modules
       C:\UnrealEngine\Engine\Plugins\Experimental\GeometryProcessing\Binaries\Win64\UE4Editor.modules
       C:\UnrealEngine\Engine\Plugins\Experimental\GizmoEdMode\Binaries\Win64\UE4Editor.modules
       C:\UnrealEngine\Engine\Plugins\Experimental\GizmoFramework\Binaries\Win64\UE4Editor.modules
       C:\UnrealEngine\Engine\Plugins\Experimental\GPULightmass\Binaries\Win64\UE4Editor.modules
       C:\UnrealEngine\Engine\Plugins\Experimental\ImagePlate\Binaries\Win64\UE4Editor.modules
       C:\UnrealEngine\Engine\Plugins\Experimental\Landmass\Binaries\Win64\UE4Editor.modules
       C:\UnrealEngine\Engine\Plugins\Experimental\LiveLinkControlRig\Binaries\Win64\UE4Editor.modules
       C:\UnrealEngine\Engine\Plugins\Experimental\MeshModelingToolset\Binaries\Win64\UE4Editor.modules
       C:\UnrealEngine\Engine\Plugins\Experimental\ModelingToolsEditorMode\Binaries\Win64\UE4Editor.modules
       C:\UnrealEngine\Engine\Plugins\Experimental\ModularGameplay\Binaries\Win64\UE4Editor.modules
       C:\UnrealEngine\Engine\Plugins\Experimental\MotionTrailEditorMode\Binaries\Win64\UE4Editor.modules
       C:\UnrealEngine\Engine\Plugins\Experimental\MotoSynth\Binaries\Win64\UE4Editor.modules
       C:\UnrealEngine\Engine\Plugins\Experimental\OpenImageDenoise\Binaries\Win64\UE4Editor.modules
       C:\UnrealEngine\Engine\Plugins\Experimental\PanoramicCapture\Binaries\Win64\UE4Editor.modules
       C:\UnrealEngine\Engine\Plugins\Experimental\PlanarCutPlugin\Binaries\Win64\UE4Editor.modules
       C:\UnrealEngine\Engine\Plugins\Experimental\PlatformCrypto\Binaries\Win64\UE4Editor.modules
       C:\UnrealEngine\Engine\Plugins\Experimental\ProxyLODPlugin\Binaries\Win64\UE4Editor.modules
       C:\UnrealEngine\Engine\Plugins\Experimental\PythonScriptPlugin\Binaries\Win64\UE4Editor.modules
       C:\UnrealEngine\Engine\Plugins\Experimental\RawInput\Binaries\Win64\UE4Editor.modules
       C:\UnrealEngine\Engine\Plugins\Experimental\RemoteSession\Binaries\Win64\UE4Editor.modules
       C:\UnrealEngine\Engine\Plugins\Experimental\SampleToolsEditorMode\Binaries\Win64\UE4Editor.modules
       C:\UnrealEngine\Engine\Plugins\Experimental\Shotgun\Binaries\Win64\UE4Editor.modules
       C:\UnrealEngine\Engine\Plugins\Experimental\SimpleHMD\Binaries\Win64\UE4Editor.modules
       C:\UnrealEngine\Engine\Plugins\Experimental\SkeletalReduction\Binaries\Win64\UE4Editor.modules
       C:\UnrealEngine\Engine\Plugins\Experimental\Text3D\Binaries\Win64\UE4Editor.modules
       C:\UnrealEngine\Engine\Plugins\Experimental\VirtualCamera\Binaries\Win64\UE4Editor.modules
       C:\UnrealEngine\Engine\Plugins\Experimental\VirtualHeightfieldMesh\Binaries\Win64\UE4Editor.modules
       C:\UnrealEngine\Engine\Plugins\Experimental\VirtualProduction\LedWallCalibration\Binaries\Win64\UE4Editor.modules
       C:\UnrealEngine\Engine\Plugins\Experimental\VirtualProductionUtilities\Binaries\Win64\UE4Editor.modules
       C:\UnrealEngine\Engine\Plugins\Experimental\Volumetrics\Binaries\Win64\UE4Editor.modules
       C:\UnrealEngine\Engine\Plugins\Experimental\Water\Binaries\Win64\UE4Editor.modules
       C:\UnrealEngine\Engine\Plugins\Experimental\WebSocketNetworking\Binaries\Win64\UE4Editor.modules
       C:\UnrealEngine\Engine\Plugins\FX\CascadeToNiagaraConverter\Binaries\Win64\UE4Editor.modules
       C:\UnrealEngine\Engine\Plugins\FX\Niagara\Binaries\Win64\UE4Editor.modules
       C:\UnrealEngine\Engine\Plugins\Importers\AlembicHairImporter\Binaries\Win64\UE4Editor.modules
       C:\UnrealEngine\Engine\Plugins\Importers\USDImporter\Binaries\Win64\UE4Editor.modules
       C:\UnrealEngine\Engine\Plugins\Importers\USDMultiUser\Binaries\Win64\UE4Editor.modules
       C:\UnrealEngine\Engine\Plugins\Lumin\MagicLeap\Binaries\Win64\UE4Editor.modules
       C:\UnrealEngine\Engine\Plugins\Lumin\MagicLeapBLE\Binaries\Win64\UE4Editor.modules
       C:\UnrealEngine\Engine\Plugins\Lumin\MagicLeapCamera\Binaries\Win64\UE4Editor.modules
       C:\UnrealEngine\Engine\Plugins\Lumin\MagicLeapConnections\Binaries\Win64\UE4Editor.modules
       C:\UnrealEngine\Engine\Plugins\Lumin\MagicLeapContacts\Binaries\Win64\UE4Editor.modules
       C:\UnrealEngine\Engine\Plugins\Lumin\MagicLeapDispatch\Binaries\Win64\UE4Editor.modules
       C:\UnrealEngine\Engine\Plugins\Lumin\MagicLeapLightEstimation\Binaries\Win64\UE4Editor.modules
       C:\UnrealEngine\Engine\Plugins\Lumin\MagicLeapLocation\Binaries\Win64\UE4Editor.modules
       C:\UnrealEngine\Engine\Plugins\Lumin\MagicLeapMedia\Binaries\Win64\UE4Editor.modules
       C:\UnrealEngine\Engine\Plugins\Lumin\MagicLeapMovement\Binaries\Win64\UE4Editor.modules
       C:\UnrealEngine\Engine\Plugins\Lumin\MagicLeapMusicService\Binaries\Win64\UE4Editor.modules
       C:\UnrealEngine\Engine\Plugins\Lumin\MagicLeapNetworking\Binaries\Win64\UE4Editor.modules
       C:\UnrealEngine\Engine\Plugins\Lumin\MagicLeapPassableWorld\Binaries\Win64\UE4Editor.modules
       C:\UnrealEngine\Engine\Plugins\Lumin\MagicLeapSharedFile\Binaries\Win64\UE4Editor.modules
       C:\UnrealEngine\Engine\Plugins\Lumin\MagicLeapTablet\Binaries\Win64\UE4Editor.modules
       C:\UnrealEngine\Engine\Plugins\Lumin\MLSDK\Binaries\Win64\UE4Editor.modules
       C:\UnrealEngine\Engine\Plugins\Media\AjaMedia\Binaries\Win64\UE4Editor.modules
       C:\UnrealEngine\Engine\Plugins\Media\AndroidCamera\Binaries\Win64\UE4Editor.modules
       C:\UnrealEngine\Engine\Plugins\Media\AndroidMedia\Binaries\Win64\UE4Editor.modules
       C:\UnrealEngine\Engine\Plugins\Media\AppleProResMedia\Binaries\Win64\UE4Editor.modules
       C:\UnrealEngine\Engine\Plugins\Media\AudioCaptureTimecodeProvider\Binaries\Win64\UE4Editor.modules
       C:\UnrealEngine\Engine\Plugins\Media\AvfMedia\Binaries\Win64\UE4Editor.modules
       C:\UnrealEngine\Engine\Plugins\Media\AvidDNxMedia\Binaries\Win64\UE4Editor.modules
       C:\UnrealEngine\Engine\Plugins\Media\BinkMedia\Binaries\Win64\UE4Editor.modules
       C:\UnrealEngine\Engine\Plugins\Media\BlackmagicMedia\Binaries\Win64\UE4Editor.modules
       C:\UnrealEngine\Engine\Plugins\Media\ElectraCDM\Binaries\Win64\UE4Editor.modules
       C:\UnrealEngine\Engine\Plugins\Media\ElectraPlayer\Binaries\Win64\UE4Editor.modules
       C:\UnrealEngine\Engine\Plugins\Media\ElectraUtil\Binaries\Win64\UE4Editor.modules
       C:\UnrealEngine\Engine\Plugins\Media\HAPMedia\Binaries\Win64\UE4Editor.modules
       C:\UnrealEngine\Engine\Plugins\Media\HardwareEncoders\Binaries\Win64\UE4Editor.modules
       C:\UnrealEngine\Engine\Plugins\Media\HLMedia\Binaries\Win64\UE4Editor.modules
       C:\UnrealEngine\Engine\Plugins\Media\ImgMedia\Binaries\Win64\UE4Editor.modules
       C:\UnrealEngine\Engine\Plugins\Media\LinearTimecode\Binaries\Win64\UE4Editor.modules
       C:\UnrealEngine\Engine\Plugins\Media\MediaCompositing\Binaries\Win64\UE4Editor.modules
       C:\UnrealEngine\Engine\Plugins\Media\MediaFrameworkUtilities\Binaries\Win64\UE4Editor.modules
       C:\UnrealEngine\Engine\Plugins\Media\MediaIOFramework\Binaries\Win64\UE4Editor.modules
       C:\UnrealEngine\Engine\Plugins\Media\MediaMovieStreamer\Binaries\Win64\UE4Editor.modules
       C:\UnrealEngine\Engine\Plugins\Media\MediaPlayerEditor\Binaries\Win64\UE4Editor.modules
       C:\UnrealEngine\Engine\Plugins\Media\MfMedia\Binaries\Win64\UE4Editor.modules
       C:\UnrealEngine\Engine\Plugins\Media\PixelStreaming\Binaries\Win64\UE4Editor.modules
       C:\UnrealEngine\Engine\Plugins\Media\TimecodeSynchronizer\Binaries\Win64\UE4Editor.modules
       C:\UnrealEngine\Engine\Plugins\Media\WebMMedia\Binaries\Win64\UE4Editor.modules
       C:\UnrealEngine\Engine\Plugins\Media\WmfMedia\Binaries\Win64\UE4Editor.modules
       C:\UnrealEngine\Engine\Plugins\MeshPainting\Binaries\Win64\UE4Editor.modules
       C:\UnrealEngine\Engine\Plugins\Messaging\MessagingDebugger\Binaries\Win64\UE4Editor.modules
       C:\UnrealEngine\Engine\Plugins\Messaging\TcpMessaging\Binaries\Win64\UE4Editor.modules
       C:\UnrealEngine\Engine\Plugins\Messaging\UdpMessaging\Binaries\Win64\UE4Editor.modules
       C:\UnrealEngine\Engine\Plugins\MovieScene\ActorSequence\Binaries\Win64\UE4Editor.modules
       C:\UnrealEngine\Engine\Plugins\MovieScene\CustomizableSequencerTracks\Binaries\Win64\UE4Editor.modules
       C:\UnrealEngine\Engine\Plugins\MovieScene\LevelSequenceEditor\Binaries\Win64\UE4Editor.modules
       C:\UnrealEngine\Engine\Plugins\MovieScene\MatineeToLevelSequence\Binaries\Win64\UE4Editor.modules
       C:\UnrealEngine\Engine\Plugins\MovieScene\MoviePipelineMaskRenderPass\Binaries\Win64\UE4Editor.modules
       C:\UnrealEngine\Engine\Plugins\MovieScene\MovieRenderPipeline\Binaries\Win64\UE4Editor.modules
       C:\UnrealEngine\Engine\Plugins\MovieScene\ReplayTracks\Binaries\Win64\UE4Editor.modules
       C:\UnrealEngine\Engine\Plugins\MovieScene\SequencerScripting\Binaries\Win64\UE4Editor.modules
       C:\UnrealEngine\Engine\Plugins\MovieScene\TemplateSequence\Binaries\Win64\UE4Editor.modules
       C:\UnrealEngine\Engine\Plugins\NetcodeUnitTest\NetcodeUnitTest\Binaries\Win64\UE4Editor.modules
       C:\UnrealEngine\Engine\Plugins\NetcodeUnitTest\NUTUnrealEngine4\Binaries\Win64\UE4Editor.modules
       C:\UnrealEngine\Engine\Plugins\Online\Android\OnlineSubsystemGameCircle\Binaries\Win64\Android\UE4Editor.modules
       C:\UnrealEngine\Engine\Plugins\Online\EOSShared\Binaries\Win64\UE4Editor.modules
       C:\UnrealEngine\Engine\Plugins\Online\OnlineFramework\Binaries\Win64\UE4Editor.modules
       C:\UnrealEngine\Engine\Plugins\Online\OnlineSubsystem\Binaries\Win64\UE4Editor.modules
       C:\UnrealEngine\Engine\Plugins\Online\OnlineSubsystemAmazon\Binaries\Win64\UE4Editor.modules
       C:\UnrealEngine\Engine\Plugins\Online\OnlineSubsystemEOS\Binaries\Win64\UE4Editor.modules
       C:\UnrealEngine\Engine\Plugins\Online\OnlineSubsystemFacebook\Binaries\Win64\UE4Editor.modules
       C:\UnrealEngine\Engine\Plugins\Online\OnlineSubsystemGoogle\Binaries\Win64\UE4Editor.modules
       C:\UnrealEngine\Engine\Plugins\Online\OnlineSubsystemNull\Binaries\Win64\UE4Editor.modules
       C:\UnrealEngine\Engine\Plugins\Online\OnlineSubsystemOculus\Binaries\Win64\UE4Editor.modules
       C:\UnrealEngine\Engine\Plugins\Online\OnlineSubsystemSteam\Binaries\Win64\UE4Editor.modules
       C:\UnrealEngine\Engine\Plugins\Online\OnlineSubsystemTwitch\Binaries\Win64\UE4Editor.modules
       C:\UnrealEngine\Engine\Plugins\Online\OnlineSubsystemUtils\Binaries\Win64\UE4Editor.modules
       C:\UnrealEngine\Engine\Plugins\Online\VoiceChat\EOSVoiceChat\Binaries\Win64\UE4Editor.modules
       C:\UnrealEngine\Engine\Plugins\Online\VoiceChat\VivoxVoiceChat\Binaries\Win64\UE4Editor.modules
       C:\UnrealEngine\Engine\Plugins\Online\WebAuth\Binaries\Win64\UE4Editor.modules
       C:\UnrealEngine\Engine\Plugins\Performance\PerformanceMonitor\Binaries\Win64\UE4Editor.modules
       C:\UnrealEngine\Engine\Plugins\Portal\LauncherChunkInstaller\Binaries\Win64\UE4Editor.modules
       C:\UnrealEngine\Engine\Plugins\Runtime\ActorLayerUtilities\Binaries\Win64\UE4Editor.modules
       C:\UnrealEngine\Engine\Plugins\Runtime\Analytics\Adjust\Binaries\Win64\UE4Editor.modules
       C:\UnrealEngine\Engine\Plugins\Runtime\Analytics\AnalyticsBlueprintLibrary\Binaries\Win64\UE4Editor.modules
       C:\UnrealEngine\Engine\Plugins\Runtime\Analytics\AnalyticsMulticast\Binaries\Win64\UE4Editor.modules
       C:\UnrealEngine\Engine\Plugins\Runtime\Analytics\FileLogging\Binaries\Win64\UE4Editor.modules
       C:\UnrealEngine\Engine\Plugins\Runtime\Analytics\Flurry\Binaries\Win64\UE4Editor.modules
       C:\UnrealEngine\Engine\Plugins\Runtime\AndroidDeviceProfileSelector\Binaries\Win64\UE4Editor.modules
       C:\UnrealEngine\Engine\Plugins\Runtime\AndroidPermission\Binaries\Win64\UE4Editor.modules
       C:\UnrealEngine\Engine\Plugins\Runtime\AnimationBudgetAllocator\Binaries\Win64\UE4Editor.modules
       C:\UnrealEngine\Engine\Plugins\Runtime\AnimDistanceMatching\Binaries\Win64\UE4Editor.modules
       C:\UnrealEngine\Engine\Plugins\Runtime\ApexDestruction\Binaries\Win64\UE4Editor.modules
       C:\UnrealEngine\Engine\Plugins\Runtime\AppleImageUtils\Binaries\Win64\UE4Editor.modules
       C:\UnrealEngine\Engine\Plugins\Runtime\AR\AppleAR\AppleARKit\Binaries\Win64\UE4Editor.modules
       C:\UnrealEngine\Engine\Plugins\Runtime\AR\AppleAR\AppleARKitFaceSupport\Binaries\Win64\UE4Editor.modules
       C:\UnrealEngine\Engine\Plugins\Runtime\AR\ARUtilities\Binaries\Win64\UE4Editor.modules
       C:\UnrealEngine\Engine\Plugins\Runtime\AR\AzureSpatialAnchors\Binaries\Win64\UE4Editor.modules
       C:\UnrealEngine\Engine\Plugins\Runtime\AR\AzureSpatialAnchorsForWMR\Binaries\Win64\UE4Editor.modules
       C:\UnrealEngine\Engine\Plugins\Runtime\AR\Google\GoogleARCore\Binaries\Win64\UE4Editor.modules
       C:\UnrealEngine\Engine\Plugins\Runtime\AR\Google\GoogleARCoreServices\Binaries\Win64\UE4Editor.modules
       C:\UnrealEngine\Engine\Plugins\Runtime\AR\Microsoft\HoloLensAR\Binaries\Win64\UE4Editor.modules
       C:\UnrealEngine\Engine\Plugins\Runtime\ArchVisCharacter\Binaries\Win64\UE4Editor.modules
       C:\UnrealEngine\Engine\Plugins\Runtime\AssetTags\Binaries\Win64\UE4Editor.modules
       C:\UnrealEngine\Engine\Plugins\Runtime\AudioCapture\Binaries\Win64\UE4Editor.modules
       C:\UnrealEngine\Engine\Plugins\Runtime\AudioModulation\Binaries\Win64\UE4Editor.modules
       C:\UnrealEngine\Engine\Plugins\Runtime\AudioSynesthesia\Binaries\Win64\UE4Editor.modules
       C:\UnrealEngine\Engine\Plugins\Runtime\CableComponent\Binaries\Win64\UE4Editor.modules
       C:\UnrealEngine\Engine\Plugins\Runtime\ChunkDownloader\Binaries\Win64\UE4Editor.modules
       C:\UnrealEngine\Engine\Plugins\Runtime\CustomMeshComponent\Binaries\Win64\UE4Editor.modules
       C:\UnrealEngine\Engine\Plugins\Runtime\Database\ADOSupport\Binaries\Win64\UE4Editor.modules
       C:\UnrealEngine\Engine\Plugins\Runtime\Database\DatabaseSupport\Binaries\Win64\UE4Editor.modules
       C:\UnrealEngine\Engine\Plugins\Runtime\Database\RemoteDatabaseSupport\Binaries\Win64\UE4Editor.modules
       C:\UnrealEngine\Engine\Plugins\Runtime\Database\SQLiteCore\Binaries\Win64\UE4Editor.modules
       C:\UnrealEngine\Engine\Plugins\Runtime\Database\SQLiteSupport\Binaries\Win64\UE4Editor.modules
       C:\UnrealEngine\Engine\Plugins\Runtime\DataRegistry\Binaries\Win64\UE4Editor.modules
       C:\UnrealEngine\Engine\Plugins\Runtime\EditableMesh\Binaries\Win64\UE4Editor.modules
       C:\UnrealEngine\Engine\Plugins\Runtime\ExampleDeviceProfileSelector\Binaries\Win64\UE4Editor.modules
       C:\UnrealEngine\Engine\Plugins\Runtime\GameplayAbilities\Binaries\Win64\UE4Editor.modules
       C:\UnrealEngine\Engine\Plugins\Runtime\GeoReferencing\Binaries\Win64\UE4Editor.modules
       C:\UnrealEngine\Engine\Plugins\Runtime\GooglePAD\Binaries\Win64\UE4Editor.modules
       C:\UnrealEngine\Engine\Plugins\Runtime\GoogleVR\GoogleVRController\Binaries\Win64\UE4Editor.modules
       C:\UnrealEngine\Engine\Plugins\Runtime\GoogleVR\GoogleVRHMD\Binaries\Win64\UE4Editor.modules
       C:\UnrealEngine\Engine\Plugins\Runtime\GoogleVR\GoogleVRTransition2D\Binaries\Win64\UE4Editor.modules
       C:\UnrealEngine\Engine\Plugins\Runtime\HairStrands\Binaries\Win64\UE4Editor.modules
       C:\UnrealEngine\Engine\Plugins\Runtime\HDRIBackdrop\Binaries\Win64\UE4Editor.modules
       C:\UnrealEngine\Engine\Plugins\Runtime\HPMotionController\Binaries\Win64\UE4Editor.modules
       C:\UnrealEngine\Engine\Plugins\Runtime\HTTPChunkInstaller\Binaries\Win64\UE4Editor.modules
       C:\UnrealEngine\Engine\Plugins\Runtime\IOSReplayKit\Binaries\Win64\UE4Editor.modules
       C:\UnrealEngine\Engine\Plugins\Runtime\LiveLinkOvernDisplay\Binaries\Win64\UE4Editor.modules
       C:\UnrealEngine\Engine\Plugins\Runtime\LocationServicesAndroidImpl\Binaries\Win64\UE4Editor.modules
       C:\UnrealEngine\Engine\Plugins\Runtime\LocationServicesBPLibrary\Binaries\Win64\UE4Editor.modules
       C:\UnrealEngine\Engine\Plugins\Runtime\LocationServicesIOSImpl\Binaries\Win64\UE4Editor.modules
       C:\UnrealEngine\Engine\Plugins\Runtime\MeshReconstruction\DummyMeshReconstructor\Binaries\Win64\UE4Editor.modules
       C:\UnrealEngine\Engine\Plugins\Runtime\MicrosoftSpatialAudio\Binaries\Win64\UE4Editor.modules
       C:\UnrealEngine\Engine\Plugins\Runtime\MIDIDevice\Binaries\Win64\UE4Editor.modules
       C:\UnrealEngine\Engine\Plugins\Runtime\MixedRealityCaptureFramework\Binaries\Win64\UE4Editor.modules
       C:\UnrealEngine\Engine\Plugins\Runtime\MobilePatchingUtils\Binaries\Win64\UE4Editor.modules
       C:\UnrealEngine\Engine\Plugins\Runtime\nDisplay\Binaries\Win64\UE4Editor.modules
       C:\UnrealEngine\Engine\Plugins\Runtime\NetworkPrediction\Binaries\Win64\UE4Editor.modules
       C:\UnrealEngine\Engine\Plugins\Runtime\NetworkPredictionExtras\Binaries\Win64\UE4Editor.modules
       C:\UnrealEngine\Engine\Plugins\Runtime\NetworkPredictionInsights\Binaries\Win64\UE4Editor.modules
       C:\UnrealEngine\Engine\Plugins\Runtime\Nvidia\Ansel\Binaries\Win64\UE4Editor.modules
       C:\UnrealEngine\Engine\Plugins\Runtime\Nvidia\Reflex\Binaries\Win64\UE4Editor.modules
       C:\UnrealEngine\Engine\Plugins\Runtime\Oculus\OculusAudio\Binaries\Win64\UE4Editor.modules
       C:\UnrealEngine\Engine\Plugins\Runtime\Oculus\OculusOpenXR\Binaries\Win64\UE4Editor.modules
       C:\UnrealEngine\Engine\Plugins\Runtime\Oculus\OculusVR\Binaries\Win64\UE4Editor.modules
       C:\UnrealEngine\Engine\Plugins\Runtime\OpenXR\Binaries\Win64\UE4Editor.modules
       C:\UnrealEngine\Engine\Plugins\Runtime\OpenXREyeTracker\Binaries\Win64\UE4Editor.modules
       C:\UnrealEngine\Engine\Plugins\Runtime\OpenXRHandTracking\Binaries\Win64\UE4Editor.modules
       C:\UnrealEngine\Engine\Plugins\Runtime\OpenXRMsftHandInteraction\Binaries\Win64\UE4Editor.modules
       C:\UnrealEngine\Engine\Plugins\Runtime\OptionalMobileFeaturesBPLibrary\Binaries\Win64\UE4Editor.modules
       C:\UnrealEngine\Engine\Plugins\Runtime\OSC\Binaries\Win64\UE4Editor.modules
       C:\UnrealEngine\Engine\Plugins\Runtime\OSCModulationMixing\Binaries\Win64\UE4Editor.modules
       C:\UnrealEngine\Engine\Plugins\Runtime\PacketHandlers\AESGCMHandlerComponent\Binaries\Win64\UE4Editor.modules
       C:\UnrealEngine\Engine\Plugins\Runtime\PacketHandlers\AESHandlerComponent\Binaries\Win64\UE4Editor.modules
       C:\UnrealEngine\Engine\Plugins\Runtime\PacketHandlers\DTLSHandlerComponent\Binaries\Win64\UE4Editor.modules
       C:\UnrealEngine\Engine\Plugins\Runtime\PhysXVehicles\Binaries\Win64\UE4Editor.modules
       C:\UnrealEngine\Engine\Plugins\Runtime\PreLoadScreenMoviePlayer\Binaries\Win64\UE4Editor.modules
       C:\UnrealEngine\Engine\Plugins\Runtime\ProceduralMeshComponent\Binaries\Win64\UE4Editor.modules
       C:\UnrealEngine\Engine\Plugins\Runtime\PropertyAccess\Binaries\Win64\UE4Editor.modules
       C:\UnrealEngine\Engine\Plugins\Runtime\ReplicationGraph\Binaries\Win64\UE4Editor.modules
       C:\UnrealEngine\Engine\Plugins\Runtime\ResonanceAudio\Binaries\Win64\UE4Editor.modules
       C:\UnrealEngine\Engine\Plugins\Runtime\RuntimePhysXCooking\Binaries\Win64\UE4Editor.modules
       C:\UnrealEngine\Engine\Plugins\Runtime\SignificanceManager\Binaries\Win64\UE4Editor.modules
       C:\UnrealEngine\Engine\Plugins\Runtime\SoundCueTemplates\Binaries\Win64\UE4Editor.modules
       C:\UnrealEngine\Engine\Plugins\Runtime\SoundFields\Binaries\Win64\UE4Editor.modules
       C:\UnrealEngine\Engine\Plugins\Runtime\SoundMod\Binaries\Win64\UE4Editor.modules
       C:\UnrealEngine\Engine\Plugins\Runtime\SoundUtilities\Binaries\Win64\UE4Editor.modules
       C:\UnrealEngine\Engine\Plugins\Runtime\SoundVisualizations\Binaries\Win64\UE4Editor.modules
       C:\UnrealEngine\Engine\Plugins\Runtime\Spatialization\Binaries\Win64\UE4Editor.modules
       C:\UnrealEngine\Engine\Plugins\Runtime\Steam\SteamAudio\Binaries\Win64\UE4Editor.modules
       C:\UnrealEngine\Engine\Plugins\Runtime\Steam\SteamController\Binaries\Win64\UE4Editor.modules
       C:\UnrealEngine\Engine\Plugins\Runtime\Steam\SteamShared\Binaries\Win64\UE4Editor.modules
       C:\UnrealEngine\Engine\Plugins\Runtime\Steam\SteamSockets\Binaries\Win64\UE4Editor.modules
       C:\UnrealEngine\Engine\Plugins\Runtime\Steam\SteamVR\Binaries\Win64\UE4Editor.modules
       C:\UnrealEngine\Engine\Plugins\Runtime\SunPosition\Binaries\Win64\UE4Editor.modules
       C:\UnrealEngine\Engine\Plugins\Runtime\Synthesis\Binaries\Win64\UE4Editor.modules
       C:\UnrealEngine\Engine\Plugins\Runtime\TextureShare\Binaries\Win64\UE4Editor.modules
       C:\UnrealEngine\Engine\Plugins\Runtime\TimeSynth\Binaries\Win64\UE4Editor.modules
       C:\UnrealEngine\Engine\Plugins\Runtime\WarpUtils\Binaries\Win64\UE4Editor.modules
       C:\UnrealEngine\Engine\Plugins\Runtime\WebBrowserNativeProxy\Binaries\Win64\UE4Editor.modules
       C:\UnrealEngine\Engine\Plugins\Runtime\WebBrowserWidget\Binaries\Win64\UE4Editor.modules
       C:\UnrealEngine\Engine\Plugins\Runtime\WebMMoviePlayer\Binaries\Win64\UE4Editor.modules
       C:\UnrealEngine\Engine\Plugins\Runtime\Windows\WinDualShock\Binaries\Win64\UE4Editor.modules
       C:\UnrealEngine\Engine\Plugins\Runtime\WindowsDeviceProfileSelector\Binaries\Win64\UE4Editor.modules
       C:\UnrealEngine\Engine\Plugins\Runtime\WindowsMixedReality\Binaries\Win64\UE4Editor.modules
       C:\UnrealEngine\Engine\Plugins\Runtime\WindowsMoviePlayer\Binaries\Win64\UE4Editor.modules
       C:\UnrealEngine\Engine\Plugins\Runtime\XR\XRVisualization\Binaries\Win64\UE4Editor.modules
       C:\UnrealEngine\Engine\Plugins\ScriptPlugin\Binaries\Win64\UE4Editor.modules
       C:\UnrealEngine\Engine\Plugins\Slate\SlateInsights\Binaries\Win64\UE4Editor.modules
       C:\UnrealEngine\Engine\Plugins\Slate\SlateRemote\Binaries\Win64\UE4Editor.modules
       C:\UnrealEngine\Engine\Plugins\Tests\EditorTests\Binaries\Win64\UE4Editor.modules
       C:\UnrealEngine\Engine\Plugins\Tests\FbxAutomationTestBuilder\Binaries\Win64\UE4Editor.modules
       C:\UnrealEngine\Engine\Plugins\Tests\FunctionalTestingEditor\Binaries\Win64\UE4Editor.modules
       C:\UnrealEngine\Engine\Plugins\Tests\PythonAutomationTest\Binaries\Win64\UE4Editor.modules
       C:\UnrealEngine\Engine\Plugins\Tests\RHITests\Binaries\Win64\UE4Editor.modules
       C:\UnrealEngine\Engine\Plugins\Tests\RuntimeTests\Binaries\Win64\UE4Editor.modules
       C:\UnrealEngine\Engine\Plugins\Tests\ScreenshotTools\Binaries\Win64\UE4Editor.modules
       C:\UnrealEngine\Engine\Plugins\VirtualProduction\CameraCalibration\Binaries\Win64\UE4Editor.modules
       C:\UnrealEngine\Engine\Plugins\VirtualProduction\CameraCalibrationCore\Binaries\Win64\UE4Editor.modules
       C:\UnrealEngine\Engine\Plugins\VirtualProduction\CompositePlane\Binaries\Win64\UE4Editor.modules
       C:\UnrealEngine\Engine\Plugins\VirtualProduction\DataCharts\Binaries\Win64\UE4Editor.modules
       C:\UnrealEngine\Engine\Plugins\VirtualProduction\DMX\DMXDisplayCluster\Binaries\Win64\UE4Editor.modules
       C:\UnrealEngine\Engine\Plugins\VirtualProduction\DMX\DMXEngine\Binaries\Win64\UE4Editor.modules
       C:\UnrealEngine\Engine\Plugins\VirtualProduction\DMX\DMXFixtures\Binaries\Win64\UE4Editor.modules
       C:\UnrealEngine\Engine\Plugins\VirtualProduction\DMX\DMXPixelMapping\Binaries\Win64\UE4Editor.modules
       C:\UnrealEngine\Engine\Plugins\VirtualProduction\DMX\DMXProtocol\Binaries\Win64\UE4Editor.modules
       C:\UnrealEngine\Engine\Plugins\VirtualProduction\LevelSnapshots\Binaries\Win64\UE4Editor.modules
       C:\UnrealEngine\Engine\Plugins\VirtualProduction\LiveLinkCamera\Binaries\Win64\UE4Editor.modules
       C:\UnrealEngine\Engine\Plugins\VirtualProduction\LiveLinkFreeD\Binaries\Win64\UE4Editor.modules
       C:\UnrealEngine\Engine\Plugins\VirtualProduction\LiveLinkLens\Binaries\Win64\UE4Editor.modules
       C:\UnrealEngine\Engine\Plugins\VirtualProduction\LiveLinkMasterLockit\Binaries\Win64\UE4Editor.modules
       C:\UnrealEngine\Engine\Plugins\VirtualProduction\LiveLinkPrestonMDR\Binaries\Win64\UE4Editor.modules
       C:\UnrealEngine\Engine\Plugins\VirtualProduction\LiveLinkVRPN\Binaries\Win64\UE4Editor.modules
       C:\UnrealEngine\Engine\Plugins\VirtualProduction\LiveLinkXR\Binaries\Win64\UE4Editor.modules
       C:\UnrealEngine\Engine\Plugins\VirtualProduction\MultiUserTakes\Binaries\Win64\UE4Editor.modules
       C:\UnrealEngine\Engine\Plugins\VirtualProduction\nDisplaySupportForLevelSnapshots\Binaries\Win64\UE4Editor.modules
       C:\UnrealEngine\Engine\Plugins\VirtualProduction\RemoteControl\Binaries\Win64\UE4Editor.modules
       C:\UnrealEngine\Engine\Plugins\VirtualProduction\RemoteControlInterception\Binaries\Win64\UE4Editor.modules
       C:\UnrealEngine\Engine\Plugins\VirtualProduction\RemoteControlProtocolDMX\Binaries\Win64\UE4Editor.modules
       C:\UnrealEngine\Engine\Plugins\VirtualProduction\RemoteControlProtocolMIDI\Binaries\Win64\UE4Editor.modules
       C:\UnrealEngine\Engine\Plugins\VirtualProduction\RemoteControlProtocolOSC\Binaries\Win64\UE4Editor.modules
       C:\UnrealEngine\Engine\Plugins\VirtualProduction\RemoteControlWebInterface\Binaries\Win64\UE4Editor.modules
       C:\UnrealEngine\Engine\Plugins\VirtualProduction\StageMonitoring\Binaries\Win64\UE4Editor.modules
       C:\UnrealEngine\Engine\Plugins\VirtualProduction\Switchboard\Binaries\Win64\UE4Editor.modules
       C:\UnrealEngine\Engine\Plugins\VirtualProduction\Takes\Binaries\Win64\UE4Editor.modules
       C:\UnrealEngine\Engine\Plugins\VirtualProduction\TimedDataMonitor\Binaries\Win64\UE4Editor.modules
       C:\UnrealEngine\Engine\Plugins\XGEController\Binaries\Win64\UE4Editor.modules
       
       Please rebuild from an IDE instead.
LogCore: Engine exit requested (reason: EngineExit() was called)
LogExit: Preparing to exit.
LogModuleManager: Shutting down and abandoning module DesktopPlatform (48)
LogModuleManager: Shutting down and abandoning module PythonScriptPluginPreload (46)
LogModuleManager: Shutting down and abandoning module PlatformCryptoOpenSSL (44)
LogModuleManager: Shutting down and abandoning module PlatformCryptoTypes (42)
LogModuleManager: Shutting down and abandoning module PlatformCrypto (40)
LogModuleManager: Shutting down and abandoning module OodleDataCompressionFormat (38)
LogModuleManager: Shutting down and abandoning module XGEController (36)
LogXGEController: Cannot use XGE Controller as Incredibuild is not installed on this machine.
LogModuleManager: Shutting down and abandoning module AnimationModifiers (34)
LogModuleManager: Shutting down and abandoning module AudioEditor (32)
LogModuleManager: Shutting down and abandoning module PropertyEditor (31)
LogModuleManager: Shutting down and abandoning module TextureCompressor (28)
LogModuleManager: Shutting down and abandoning module RenderCore (26)
LogModuleManager: Shutting down and abandoning module Landscape (24)
LogModuleManager: Shutting down and abandoning module SlateRHIRenderer (22)
LogModuleManager: Shutting down and abandoning module AnimGraphRuntime (20)
LogModuleManager: Shutting down and abandoning module Renderer (18)
LogModuleManager: Shutting down and abandoning module Engine (16)
LogModuleManager: Shutting down and abandoning module CoreUObject (14)
LogModuleManager: Shutting down and abandoning module NetworkFile (12)
LogModuleManager: Shutting down and abandoning module CookedIterativeFile (10)
LogModuleManager: Shutting down and abandoning module StreamingFile (8)
LogModuleManager: Shutting down and abandoning module SandboxFile (6)
LogModuleManager: Shutting down and abandoning module PakFile (4)
LogModuleManager: Shutting down and abandoning module RSA (3)
LogExit: Exiting.
Log file closed, 09/12/22 16:20:02
